#
# There is insufficient memory for the Java Runtime Environment to continue.
# Native memory allocation (malloc) failed to allocate 1085296 bytes for Chunk::new
# Possible reasons:
#   The system is out of physical RAM or swap space
#   The process is running with CompressedOops enabled, and the Java Heap may be blocking the growth of the native heap
# Possible solutions:
#   Reduce memory load on the system
#   Increase physical memory or swap space
#   Check if swap backing store is full
#   Decrease Java heap size (-Xmx/-Xms)
#   Decrease number of Java threads
#   Decrease Java thread stack sizes (-Xss)
#   Set larger code cache with -XX:ReservedCodeCacheSize=
#   JVM is running with Unscaled Compressed Oops mode in which the Java heap is
#     placed in the first 4GB address space. The Java Heap base address is the
#     maximum limit for the native heap growth. Please use -XX:HeapBaseMinAddress
#     to set the Java Heap base and to place the Java Heap above 4GB virtual address.
# This output file may be truncated or incomplete.
#
#  Out of Memory Error (src/hotspot/share/memory/arena.cpp:197), pid=12120, tid=9272
#
# JRE version: OpenJDK Runtime Environment (11.0.15) (build 11.0.15+0-b2043.56-9505619)
# Java VM: OpenJDK 64-Bit Server VM (11.0.15+0-b2043.56-9505619, mixed mode, tiered, compressed oops, g1 gc, windows-amd64)
# No core dump will be written. Minidumps are not enabled by default on client versions of Windows
#

---------------  S U M M A R Y ------------

Command Line: org.jetbrains.kotlin.cli.jvm.K2JVMCompiler @C:\Users\student\Desktop\MyPlaces\app\build\20230419_2325469694694169055.compiler.options

Host: Intel(R) Pentium(R) Gold G6400 CPU @ 4.00GHz, 4 cores, 7G,  Windows 10 , 64 bit Build 19041 (10.0.19041.2788)
Time: Wed Apr 19 17:52:59 2023 Central Europe Daylight Time elapsed time: 8.141714 seconds (0d 0h 0m 8s)

---------------  T H R E A D  ---------------

Current thread (0x0000023165fd8000):  JavaThread "C2 CompilerThread1" daemon [_thread_in_native, id=9272, stack(0x0000007196200000,0x0000007196300000)]


Current CompileTask:
C2:   8141 5748       4       org.jetbrains.kotlin.load.java.structure.impl.classFiles.BinaryJavaMethodBase$Companion::create (572 bytes)

Stack: [0x0000007196200000,0x0000007196300000]
Native frames: (J=compiled Java code, j=interpreted, Vv=VM code, C=native code)
V  [jvm.dll+0x64135a]
V  [jvm.dll+0x7d39f9]
V  [jvm.dll+0x7d51b9]
V  [jvm.dll+0x7d58a3]
V  [jvm.dll+0x2691c5]
V  [jvm.dll+0xc1a5c]
V  [jvm.dll+0xc200c]
V  [jvm.dll+0x2da2c2]
V  [jvm.dll+0x54cad9]
V  [jvm.dll+0x22a011]
V  [jvm.dll+0x223809]
V  [jvm.dll+0x220384]
V  [jvm.dll+0x19e851]
V  [jvm.dll+0x230479]
V  [jvm.dll+0x22e5ef]
V  [jvm.dll+0x794de1]
V  [jvm.dll+0x78dc24]
V  [jvm.dll+0x6400f6]
C  [ucrtbase.dll+0x21bb2]
C  [KERNEL32.DLL+0x17604]
C  [ntdll.dll+0x526a1]


---------------  P R O C E S S  ---------------

Threads class SMR info:
_java_thread_list=0x0000023165faf1f0, length=11, elements={
0x000002314bbf1000, 0x00000231654e9000, 0x00000231654ea800, 0x0000023165503800,
0x0000023165504800, 0x0000023165506800, 0x0000023165509800, 0x000002316550a800,
0x0000023165eb9000, 0x0000023165fde800, 0x0000023165fd8000
}

Java Threads: ( => current thread )
  0x000002314bbf1000 JavaThread "main" [_thread_in_Java, id=4772, stack(0x0000007195100000,0x0000007195200000)]
  0x00000231654e9000 JavaThread "Reference Handler" daemon [_thread_blocked, id=8328, stack(0x0000007195800000,0x0000007195900000)]
  0x00000231654ea800 JavaThread "Finalizer" daemon [_thread_blocked, id=11428, stack(0x0000007195900000,0x0000007195a00000)]
  0x0000023165503800 JavaThread "Signal Dispatcher" daemon [_thread_blocked, id=4732, stack(0x0000007195a00000,0x0000007195b00000)]
  0x0000023165504800 JavaThread "Attach Listener" daemon [_thread_blocked, id=8864, stack(0x0000007195b00000,0x0000007195c00000)]
  0x0000023165506800 JavaThread "Service Thread" daemon [_thread_blocked, id=920, stack(0x0000007195c00000,0x0000007195d00000)]
  0x0000023165509800 JavaThread "C2 CompilerThread0" daemon [_thread_in_native, id=1016, stack(0x0000007195d00000,0x0000007195e00000)]
  0x000002316550a800 JavaThread "C1 CompilerThread0" daemon [_thread_blocked, id=9024, stack(0x0000007195e00000,0x0000007195f00000)]
  0x0000023165eb9000 JavaThread "Sweeper thread" daemon [_thread_blocked, id=1156, stack(0x0000007195f00000,0x0000007196000000)]
  0x0000023165fde800 JavaThread "Common-Cleaner" daemon [_thread_blocked, id=8448, stack(0x0000007196100000,0x0000007196200000)]
=>0x0000023165fd8000 JavaThread "C2 CompilerThread1" daemon [_thread_in_native, id=9272, stack(0x0000007196200000,0x0000007196300000)]

Other Threads:
  0x00000231654c2000 VMThread "VM Thread" [stack: 0x0000007195700000,0x0000007195800000] [id=9240]
  0x0000023165fd6000 WatcherThread [stack: 0x0000007196000000,0x0000007196100000] [id=912]
  0x000002314bc0a000 GCTaskThread "GC Thread#0" [stack: 0x0000007195200000,0x0000007195300000] [id=8024]
  0x00000231664e1000 GCTaskThread "GC Thread#1" [stack: 0x0000007196300000,0x0000007196400000] [id=10728]
  0x0000023169795800 GCTaskThread "GC Thread#2" [stack: 0x0000007196500000,0x0000007196600000] [id=1564]
  0x000002314bc38800 ConcurrentGCThread "G1 Main Marker" [stack: 0x0000007195300000,0x0000007195400000] [id=9500]
  0x000002314bc3a000 ConcurrentGCThread "G1 Conc#0" [stack: 0x0000007195400000,0x0000007195500000] [id=7512]
  0x000002314bcb9800 ConcurrentGCThread "G1 Refine#0" [stack: 0x0000007195500000,0x0000007195600000] [id=12144]
  0x0000023167973800 ConcurrentGCThread "G1 Refine#1" [stack: 0x0000007196400000,0x0000007196500000] [id=7564]
  0x000002314bcbb800 ConcurrentGCThread "G1 Young RemSet Sampling" [stack: 0x0000007195600000,0x0000007195700000] [id=7412]

Threads with active compile tasks:
C2 CompilerThread0     8156 5888       4       org.jetbrains.kotlin.load.java.typeEnhancement.TypeEnhancementUtilsKt::select (105 bytes)
C2 CompilerThread1     8156 5748       4       org.jetbrains.kotlin.load.java.structure.impl.classFiles.BinaryJavaMethodBase$Companion::create (572 bytes)

VM state:not at safepoint (normal execution)

VM Mutex/Monitor currently owned by a thread: None

Heap address: 0x0000000085800000, size: 1960 MB, Compressed Oops mode: 32-bit
Narrow klass base: 0x0000000000000000, Narrow klass shift: 3
Compressed class space size: 1073741824 Address: 0x0000000100000000

Heap:
 garbage-first heap   total 152576K, used 57813K [0x0000000085800000, 0x0000000100000000)
  region size 1024K, 21 young (21504K), 8 survivors (8192K)
 Metaspace       used 55007K, capacity 55605K, committed 55680K, reserved 1097728K
  class space    used 6197K, capacity 6461K, committed 6528K, reserved 1048576K
Heap Regions: E=young(eden), S=young(survivor), O=old, HS=humongous(starts), HC=humongous(continues), CS=collection set, F=free, A=archive, TAMS=top-at-mark-start (previous, next)
|   0|0x0000000085800000, 0x0000000085900000, 0x0000000085900000|100%|HS|  |TAMS 0x0000000085900000, 0x0000000085800000| Complete 
|   1|0x0000000085900000, 0x0000000085a00000, 0x0000000085a00000|100%|HC|  |TAMS 0x0000000085a00000, 0x0000000085900000| Complete 
|   2|0x0000000085a00000, 0x0000000085b00000, 0x0000000085b00000|100%|HC|  |TAMS 0x0000000085b00000, 0x0000000085a00000| Complete 
|   3|0x0000000085b00000, 0x0000000085c00000, 0x0000000085c00000|100%|HC|  |TAMS 0x0000000085c00000, 0x0000000085b00000| Complete 
|   4|0x0000000085c00000, 0x0000000085d00000, 0x0000000085d00000|100%| O|  |TAMS 0x0000000085d00000, 0x0000000085c00000| Untracked 
|   5|0x0000000085d00000, 0x0000000085e00000, 0x0000000085e00000|100%| O|  |TAMS 0x0000000085e00000, 0x0000000085d00000| Untracked 
|   6|0x0000000085e00000, 0x0000000085f00000, 0x0000000085f00000|100%|HS|  |TAMS 0x0000000085f00000, 0x0000000085e00000| Complete 
|   7|0x0000000085f00000, 0x0000000086000000, 0x0000000086000000|100%|HC|  |TAMS 0x0000000086000000, 0x0000000085f00000| Complete 
|   8|0x0000000086000000, 0x0000000086100000, 0x0000000086100000|100%|HC|  |TAMS 0x0000000086100000, 0x0000000086000000| Complete 
|   9|0x0000000086100000, 0x0000000086200000, 0x0000000086200000|100%|HC|  |TAMS 0x0000000086200000, 0x0000000086100000| Complete 
|  10|0x0000000086200000, 0x0000000086300000, 0x0000000086300000|100%|HS|  |TAMS 0x0000000086200000, 0x0000000086200000| Complete 
|  11|0x0000000086300000, 0x0000000086400000, 0x0000000086400000|100%|HC|  |TAMS 0x0000000086300000, 0x0000000086300000| Complete 
|  12|0x0000000086400000, 0x0000000086500000, 0x0000000086500000|100%| O|  |TAMS 0x0000000086500000, 0x0000000086400000| Untracked 
|  13|0x0000000086500000, 0x0000000086600000, 0x0000000086600000|100%| O|  |TAMS 0x0000000086600000, 0x0000000086500000| Untracked 
|  14|0x0000000086600000, 0x0000000086700000, 0x0000000086700000|100%| O|  |TAMS 0x0000000086700000, 0x0000000086600000| Untracked 
|  15|0x0000000086700000, 0x0000000086800000, 0x0000000086800000|100%| O|  |TAMS 0x0000000086800000, 0x0000000086700000| Untracked 
|  16|0x0000000086800000, 0x0000000086900000, 0x0000000086900000|100%| O|  |TAMS 0x0000000086900000, 0x0000000086800000| Untracked 
|  17|0x0000000086900000, 0x0000000086a00000, 0x0000000086a00000|100%| O|  |TAMS 0x000000008695c400, 0x0000000086900000| Untracked 
|  18|0x0000000086a00000, 0x0000000086b00000, 0x0000000086b00000|100%| O|  |TAMS 0x0000000086a00000, 0x0000000086a00000| Untracked 
|  19|0x0000000086b00000, 0x0000000086c00000, 0x0000000086c00000|100%| O|  |TAMS 0x0000000086b00000, 0x0000000086b00000| Untracked 
|  20|0x0000000086c00000, 0x0000000086d00000, 0x0000000086d00000|100%| O|  |TAMS 0x0000000086c00000, 0x0000000086c00000| Untracked 
|  21|0x0000000086d00000, 0x0000000086e00000, 0x0000000086e00000|100%| O|  |TAMS 0x0000000086d00000, 0x0000000086d00000| Untracked 
|  22|0x0000000086e00000, 0x0000000086f00000, 0x0000000086f00000|100%| O|  |TAMS 0x0000000086e00000, 0x0000000086e00000| Untracked 
|  23|0x0000000086f00000, 0x0000000087000000, 0x0000000087000000|100%| O|  |TAMS 0x0000000086f00000, 0x0000000086f00000| Untracked 
|  24|0x0000000087000000, 0x0000000087100000, 0x0000000087100000|100%| O|  |TAMS 0x0000000087000000, 0x0000000087000000| Untracked 
|  25|0x0000000087100000, 0x0000000087200000, 0x0000000087200000|100%| O|  |TAMS 0x0000000087100000, 0x0000000087100000| Untracked 
|  26|0x0000000087200000, 0x0000000087300000, 0x0000000087300000|100%| O|  |TAMS 0x0000000087200000, 0x0000000087200000| Untracked 
|  27|0x0000000087300000, 0x0000000087400000, 0x0000000087400000|100%| O|  |TAMS 0x0000000087300000, 0x0000000087300000| Untracked 
|  28|0x0000000087400000, 0x0000000087500000, 0x0000000087500000|100%| O|  |TAMS 0x0000000087400000, 0x0000000087400000| Untracked 
|  29|0x0000000087500000, 0x0000000087600000, 0x0000000087600000|100%| O|  |TAMS 0x0000000087500000, 0x0000000087500000| Untracked 
|  30|0x0000000087600000, 0x0000000087700000, 0x0000000087700000|100%| O|  |TAMS 0x0000000087600000, 0x0000000087600000| Untracked 
|  31|0x0000000087700000, 0x0000000087800000, 0x0000000087800000|100%| O|  |TAMS 0x0000000087700000, 0x0000000087700000| Untracked 
|  32|0x0000000087800000, 0x0000000087900000, 0x0000000087900000|100%| O|  |TAMS 0x0000000087800000, 0x0000000087800000| Untracked 
|  33|0x0000000087900000, 0x0000000087a00000, 0x0000000087a00000|100%| O|  |TAMS 0x0000000087900000, 0x0000000087900000| Untracked 
|  34|0x0000000087a00000, 0x0000000087b00000, 0x0000000087b00000|100%| O|  |TAMS 0x0000000087a00000, 0x0000000087a00000| Untracked 
|  35|0x0000000087b00000, 0x0000000087c00000, 0x0000000087c00000|100%| O|  |TAMS 0x0000000087b00000, 0x0000000087b00000| Untracked 
|  36|0x0000000087c00000, 0x0000000087cf8200, 0x0000000087d00000| 96%| O|  |TAMS 0x0000000087c00000, 0x0000000087c00000| Untracked 
|  37|0x0000000087d00000, 0x0000000087d00000, 0x0000000087e00000|  0%| F|  |TAMS 0x0000000087d00000, 0x0000000087d00000| Untracked 
|  38|0x0000000087e00000, 0x0000000087e00000, 0x0000000087f00000|  0%| F|  |TAMS 0x0000000087e00000, 0x0000000087e00000| Untracked 
|  39|0x0000000087f00000, 0x0000000087f00000, 0x0000000088000000|  0%| F|  |TAMS 0x0000000087f00000, 0x0000000087f00000| Untracked 
|  40|0x0000000088000000, 0x0000000088000000, 0x0000000088100000|  0%| F|  |TAMS 0x0000000088000000, 0x0000000088000000| Untracked 
|  41|0x0000000088100000, 0x0000000088100000, 0x0000000088200000|  0%| F|  |TAMS 0x0000000088100000, 0x0000000088100000| Untracked 
|  42|0x0000000088200000, 0x0000000088200000, 0x0000000088300000|  0%| F|  |TAMS 0x0000000088200000, 0x0000000088200000| Untracked 
|  43|0x0000000088300000, 0x0000000088300000, 0x0000000088400000|  0%| F|  |TAMS 0x0000000088300000, 0x0000000088300000| Untracked 
|  44|0x0000000088400000, 0x0000000088400000, 0x0000000088500000|  0%| F|  |TAMS 0x0000000088400000, 0x0000000088400000| Untracked 
|  45|0x0000000088500000, 0x0000000088500000, 0x0000000088600000|  0%| F|  |TAMS 0x0000000088500000, 0x0000000088500000| Untracked 
|  46|0x0000000088600000, 0x0000000088600000, 0x0000000088700000|  0%| F|  |TAMS 0x0000000088600000, 0x0000000088600000| Untracked 
|  47|0x0000000088700000, 0x0000000088700000, 0x0000000088800000|  0%| F|  |TAMS 0x0000000088700000, 0x0000000088700000| Untracked 
|  48|0x0000000088800000, 0x0000000088800000, 0x0000000088900000|  0%| F|  |TAMS 0x0000000088800000, 0x0000000088800000| Untracked 
|  49|0x0000000088900000, 0x0000000088900000, 0x0000000088a00000|  0%| F|  |TAMS 0x0000000088900000, 0x0000000088900000| Untracked 
|  50|0x0000000088a00000, 0x0000000088a00000, 0x0000000088b00000|  0%| F|  |TAMS 0x0000000088a00000, 0x0000000088a00000| Untracked 
|  51|0x0000000088b00000, 0x0000000088b00000, 0x0000000088c00000|  0%| F|  |TAMS 0x0000000088b00000, 0x0000000088b00000| Untracked 
|  52|0x0000000088c00000, 0x0000000088c00000, 0x0000000088d00000|  0%| F|  |TAMS 0x0000000088c00000, 0x0000000088c00000| Untracked 
|  53|0x0000000088d00000, 0x0000000088d00000, 0x0000000088e00000|  0%| F|  |TAMS 0x0000000088d00000, 0x0000000088d00000| Untracked 
|  54|0x0000000088e00000, 0x0000000088e00000, 0x0000000088f00000|  0%| F|  |TAMS 0x0000000088e00000, 0x0000000088e00000| Untracked 
|  55|0x0000000088f00000, 0x0000000088f00000, 0x0000000089000000|  0%| F|  |TAMS 0x0000000088f00000, 0x0000000088f00000| Untracked 
|  56|0x0000000089000000, 0x0000000089000000, 0x0000000089100000|  0%| F|  |TAMS 0x0000000089000000, 0x0000000089000000| Untracked 
|  57|0x0000000089100000, 0x0000000089100000, 0x0000000089200000|  0%| F|  |TAMS 0x0000000089100000, 0x0000000089100000| Untracked 
|  58|0x0000000089200000, 0x0000000089200000, 0x0000000089300000|  0%| F|  |TAMS 0x0000000089200000, 0x0000000089200000| Untracked 
|  59|0x0000000089300000, 0x0000000089300000, 0x0000000089400000|  0%| F|  |TAMS 0x0000000089300000, 0x0000000089300000| Untracked 
|  60|0x0000000089400000, 0x0000000089400000, 0x0000000089500000|  0%| F|  |TAMS 0x0000000089400000, 0x0000000089400000| Untracked 
|  61|0x0000000089500000, 0x0000000089500000, 0x0000000089600000|  0%| F|  |TAMS 0x0000000089500000, 0x0000000089500000| Untracked 
|  62|0x0000000089600000, 0x0000000089600000, 0x0000000089700000|  0%| F|  |TAMS 0x0000000089600000, 0x0000000089600000| Untracked 
|  63|0x0000000089700000, 0x0000000089700000, 0x0000000089800000|  0%| F|  |TAMS 0x0000000089700000, 0x0000000089700000| Untracked 
|  64|0x0000000089800000, 0x0000000089800000, 0x0000000089900000|  0%| F|  |TAMS 0x0000000089800000, 0x0000000089800000| Untracked 
|  65|0x0000000089900000, 0x0000000089900000, 0x0000000089a00000|  0%| F|  |TAMS 0x0000000089900000, 0x0000000089900000| Untracked 
|  66|0x0000000089a00000, 0x0000000089a00000, 0x0000000089b00000|  0%| F|  |TAMS 0x0000000089a00000, 0x0000000089a00000| Untracked 
|  67|0x0000000089b00000, 0x0000000089b00000, 0x0000000089c00000|  0%| F|  |TAMS 0x0000000089b00000, 0x0000000089b00000| Untracked 
|  68|0x0000000089c00000, 0x0000000089c00000, 0x0000000089d00000|  0%| F|  |TAMS 0x0000000089c00000, 0x0000000089c00000| Untracked 
|  69|0x0000000089d00000, 0x0000000089d00000, 0x0000000089e00000|  0%| F|  |TAMS 0x0000000089d00000, 0x0000000089d00000| Untracked 
|  70|0x0000000089e00000, 0x0000000089e00000, 0x0000000089f00000|  0%| F|  |TAMS 0x0000000089e00000, 0x0000000089e00000| Untracked 
|  71|0x0000000089f00000, 0x0000000089f00000, 0x000000008a000000|  0%| F|  |TAMS 0x0000000089f00000, 0x0000000089f00000| Untracked 
|  72|0x000000008a000000, 0x000000008a000000, 0x000000008a100000|  0%| F|  |TAMS 0x000000008a000000, 0x000000008a000000| Untracked 
|  73|0x000000008a100000, 0x000000008a100000, 0x000000008a200000|  0%| F|  |TAMS 0x000000008a100000, 0x000000008a100000| Untracked 
|  74|0x000000008a200000, 0x000000008a200000, 0x000000008a300000|  0%| F|  |TAMS 0x000000008a200000, 0x000000008a200000| Untracked 
|  75|0x000000008a300000, 0x000000008a300000, 0x000000008a400000|  0%| F|  |TAMS 0x000000008a300000, 0x000000008a300000| Untracked 
|  76|0x000000008a400000, 0x000000008a400000, 0x000000008a500000|  0%| F|  |TAMS 0x000000008a400000, 0x000000008a400000| Untracked 
|  77|0x000000008a500000, 0x000000008a500000, 0x000000008a600000|  0%| F|  |TAMS 0x000000008a500000, 0x000000008a500000| Untracked 
|  78|0x000000008a600000, 0x000000008a600000, 0x000000008a700000|  0%| F|  |TAMS 0x000000008a600000, 0x000000008a600000| Untracked 
|  79|0x000000008a700000, 0x000000008a700000, 0x000000008a800000|  0%| F|  |TAMS 0x000000008a700000, 0x000000008a700000| Untracked 
|  80|0x000000008a800000, 0x000000008a87d2a0, 0x000000008a900000| 48%| S|CS|TAMS 0x000000008a800000, 0x000000008a800000| Complete 
|  81|0x000000008a900000, 0x000000008aa00000, 0x000000008aa00000|100%| S|CS|TAMS 0x000000008a900000, 0x000000008a900000| Complete 
|  82|0x000000008aa00000, 0x000000008ab00000, 0x000000008ab00000|100%| S|CS|TAMS 0x000000008aa00000, 0x000000008aa00000| Complete 
|  83|0x000000008ab00000, 0x000000008ac00000, 0x000000008ac00000|100%| S|CS|TAMS 0x000000008ab00000, 0x000000008ab00000| Complete 
|  84|0x000000008ac00000, 0x000000008ad00000, 0x000000008ad00000|100%| S|CS|TAMS 0x000000008ac00000, 0x000000008ac00000| Complete 
|  85|0x000000008ad00000, 0x000000008ae00000, 0x000000008ae00000|100%| S|CS|TAMS 0x000000008ad00000, 0x000000008ad00000| Complete 
|  86|0x000000008ae00000, 0x000000008af00000, 0x000000008af00000|100%| S|CS|TAMS 0x000000008ae00000, 0x000000008ae00000| Complete 
|  87|0x000000008af00000, 0x000000008af00000, 0x000000008b000000|  0%| F|  |TAMS 0x000000008af00000, 0x000000008af00000| Untracked 
|  88|0x000000008b000000, 0x000000008b000000, 0x000000008b100000|  0%| F|  |TAMS 0x000000008b000000, 0x000000008b000000| Untracked 
|  89|0x000000008b100000, 0x000000008b100000, 0x000000008b200000|  0%| F|  |TAMS 0x000000008b100000, 0x000000008b100000| Untracked 
|  90|0x000000008b200000, 0x000000008b200000, 0x000000008b300000|  0%| F|  |TAMS 0x000000008b200000, 0x000000008b200000| Untracked 
|  91|0x000000008b300000, 0x000000008b300000, 0x000000008b400000|  0%| F|  |TAMS 0x000000008b300000, 0x000000008b300000| Untracked 
|  92|0x000000008b400000, 0x000000008b400000, 0x000000008b500000|  0%| F|  |TAMS 0x000000008b400000, 0x000000008b400000| Untracked 
|  93|0x000000008b500000, 0x000000008b500000, 0x000000008b600000|  0%| F|  |TAMS 0x000000008b500000, 0x000000008b500000| Untracked 
|  94|0x000000008b600000, 0x000000008b600000, 0x000000008b700000|  0%| F|  |TAMS 0x000000008b600000, 0x000000008b600000| Untracked 
|  95|0x000000008b700000, 0x000000008b800000, 0x000000008b800000|100%| S|CS|TAMS 0x000000008b700000, 0x000000008b700000| Complete 
|  96|0x000000008b800000, 0x000000008b800000, 0x000000008b900000|  0%| F|  |TAMS 0x000000008b800000, 0x000000008b800000| Untracked 
|  97|0x000000008b900000, 0x000000008b900000, 0x000000008ba00000|  0%| F|  |TAMS 0x000000008b900000, 0x000000008b900000| Untracked 
|  98|0x000000008ba00000, 0x000000008ba00000, 0x000000008bb00000|  0%| F|  |TAMS 0x000000008ba00000, 0x000000008ba00000| Untracked 
|  99|0x000000008bb00000, 0x000000008bb00000, 0x000000008bc00000|  0%| F|  |TAMS 0x000000008bb00000, 0x000000008bb00000| Untracked 
| 100|0x000000008bc00000, 0x000000008bc00000, 0x000000008bd00000|  0%| F|  |TAMS 0x000000008bc00000, 0x000000008bc00000| Untracked 
| 101|0x000000008bd00000, 0x000000008bd00000, 0x000000008be00000|  0%| F|  |TAMS 0x000000008bd00000, 0x000000008bd00000| Untracked 
| 102|0x000000008be00000, 0x000000008be00000, 0x000000008bf00000|  0%| F|  |TAMS 0x000000008be00000, 0x000000008be00000| Untracked 
| 103|0x000000008bf00000, 0x000000008bf00000, 0x000000008c000000|  0%| F|  |TAMS 0x000000008bf00000, 0x000000008bf00000| Untracked 
| 104|0x000000008c000000, 0x000000008c000000, 0x000000008c100000|  0%| F|  |TAMS 0x000000008c000000, 0x000000008c000000| Untracked 
| 105|0x000000008c100000, 0x000000008c100000, 0x000000008c200000|  0%| F|  |TAMS 0x000000008c100000, 0x000000008c100000| Untracked 
| 106|0x000000008c200000, 0x000000008c200000, 0x000000008c300000|  0%| F|  |TAMS 0x000000008c200000, 0x000000008c200000| Untracked 
| 107|0x000000008c300000, 0x000000008c300000, 0x000000008c400000|  0%| F|  |TAMS 0x000000008c300000, 0x000000008c300000| Untracked 
| 108|0x000000008c400000, 0x000000008c400000, 0x000000008c500000|  0%| F|  |TAMS 0x000000008c400000, 0x000000008c400000| Untracked 
| 109|0x000000008c500000, 0x000000008c500000, 0x000000008c600000|  0%| F|  |TAMS 0x000000008c500000, 0x000000008c500000| Untracked 
| 110|0x000000008c600000, 0x000000008c600000, 0x000000008c700000|  0%| F|  |TAMS 0x000000008c600000, 0x000000008c600000| Untracked 
| 111|0x000000008c700000, 0x000000008c700000, 0x000000008c800000|  0%| F|  |TAMS 0x000000008c700000, 0x000000008c700000| Untracked 
| 112|0x000000008c800000, 0x000000008c800000, 0x000000008c900000|  0%| F|  |TAMS 0x000000008c800000, 0x000000008c800000| Untracked 
| 113|0x000000008c900000, 0x000000008c900000, 0x000000008ca00000|  0%| F|  |TAMS 0x000000008c900000, 0x000000008c900000| Untracked 
| 114|0x000000008ca00000, 0x000000008ca00000, 0x000000008cb00000|  0%| F|  |TAMS 0x000000008ca00000, 0x000000008ca00000| Untracked 
| 115|0x000000008cb00000, 0x000000008cb00000, 0x000000008cc00000|  0%| F|  |TAMS 0x000000008cb00000, 0x000000008cb00000| Untracked 
| 116|0x000000008cc00000, 0x000000008cc00000, 0x000000008cd00000|  0%| F|  |TAMS 0x000000008cc00000, 0x000000008cc00000| Untracked 
| 117|0x000000008cd00000, 0x000000008cd00000, 0x000000008ce00000|  0%| F|  |TAMS 0x000000008cd00000, 0x000000008cd00000| Untracked 
| 118|0x000000008ce00000, 0x000000008ce00000, 0x000000008cf00000|  0%| F|  |TAMS 0x000000008ce00000, 0x000000008ce00000| Untracked 
| 119|0x000000008cf00000, 0x000000008cf00000, 0x000000008d000000|  0%| F|  |TAMS 0x000000008cf00000, 0x000000008cf00000| Untracked 
| 120|0x000000008d000000, 0x000000008d000000, 0x000000008d100000|  0%| F|  |TAMS 0x000000008d000000, 0x000000008d000000| Untracked 
| 121|0x000000008d100000, 0x000000008d100000, 0x000000008d200000|  0%| F|  |TAMS 0x000000008d100000, 0x000000008d100000| Untracked 
| 122|0x000000008d200000, 0x000000008d200000, 0x000000008d300000|  0%| F|  |TAMS 0x000000008d200000, 0x000000008d200000| Untracked 
| 123|0x000000008d300000, 0x000000008d300000, 0x000000008d400000|  0%| F|  |TAMS 0x000000008d300000, 0x000000008d300000| Untracked 
| 124|0x000000008d400000, 0x000000008d400000, 0x000000008d500000|  0%| F|  |TAMS 0x000000008d400000, 0x000000008d400000| Untracked 
| 125|0x000000008d500000, 0x000000008d500000, 0x000000008d600000|  0%| F|  |TAMS 0x000000008d500000, 0x000000008d500000| Untracked 
| 126|0x000000008d600000, 0x000000008d600000, 0x000000008d700000|  0%| F|  |TAMS 0x000000008d600000, 0x000000008d600000| Untracked 
| 127|0x000000008d700000, 0x000000008d700000, 0x000000008d800000|  0%| F|  |TAMS 0x000000008d700000, 0x000000008d700000| Untracked 
| 128|0x000000008d800000, 0x000000008d800000, 0x000000008d900000|  0%| F|  |TAMS 0x000000008d800000, 0x000000008d800000| Untracked 
| 129|0x000000008d900000, 0x000000008d900000, 0x000000008da00000|  0%| F|  |TAMS 0x000000008d900000, 0x000000008d900000| Untracked 
| 130|0x000000008da00000, 0x000000008da00000, 0x000000008db00000|  0%| F|  |TAMS 0x000000008da00000, 0x000000008da00000| Untracked 
| 131|0x000000008db00000, 0x000000008db00000, 0x000000008dc00000|  0%| F|  |TAMS 0x000000008db00000, 0x000000008db00000| Untracked 
| 132|0x000000008dc00000, 0x000000008dc00000, 0x000000008dd00000|  0%| F|  |TAMS 0x000000008dc00000, 0x000000008dc00000| Untracked 
| 133|0x000000008dd00000, 0x000000008dd00000, 0x000000008de00000|  0%| F|  |TAMS 0x000000008dd00000, 0x000000008dd00000| Untracked 
| 134|0x000000008de00000, 0x000000008de00000, 0x000000008df00000|  0%| F|  |TAMS 0x000000008de00000, 0x000000008de00000| Untracked 
| 135|0x000000008df00000, 0x000000008df00000, 0x000000008e000000|  0%| F|  |TAMS 0x000000008df00000, 0x000000008df00000| Untracked 
| 136|0x000000008e000000, 0x000000008e080800, 0x000000008e100000| 50%| E|  |TAMS 0x000000008e000000, 0x000000008e000000| Complete 
| 137|0x000000008e100000, 0x000000008e200000, 0x000000008e200000|100%| E|CS|TAMS 0x000000008e100000, 0x000000008e100000| Complete 
| 138|0x000000008e200000, 0x000000008e300000, 0x000000008e300000|100%| E|CS|TAMS 0x000000008e200000, 0x000000008e200000| Complete 
| 139|0x000000008e300000, 0x000000008e400000, 0x000000008e400000|100%| E|CS|TAMS 0x000000008e300000, 0x000000008e300000| Complete 
| 140|0x000000008e400000, 0x000000008e500000, 0x000000008e500000|100%| E|CS|TAMS 0x000000008e400000, 0x000000008e400000| Complete 
| 141|0x000000008e500000, 0x000000008e600000, 0x000000008e600000|100%| E|CS|TAMS 0x000000008e500000, 0x000000008e500000| Complete 
| 142|0x000000008e600000, 0x000000008e700000, 0x000000008e700000|100%| E|CS|TAMS 0x000000008e600000, 0x000000008e600000| Complete 
| 143|0x000000008e700000, 0x000000008e800000, 0x000000008e800000|100%| E|CS|TAMS 0x000000008e700000, 0x000000008e700000| Complete 
| 144|0x000000008e800000, 0x000000008e900000, 0x000000008e900000|100%| E|CS|TAMS 0x000000008e800000, 0x000000008e800000| Complete 
| 145|0x000000008e900000, 0x000000008ea00000, 0x000000008ea00000|100%| E|CS|TAMS 0x000000008e900000, 0x000000008e900000| Complete 
| 146|0x000000008ea00000, 0x000000008eb00000, 0x000000008eb00000|100%| E|CS|TAMS 0x000000008ea00000, 0x000000008ea00000| Complete 
| 147|0x000000008eb00000, 0x000000008ec00000, 0x000000008ec00000|100%| E|CS|TAMS 0x000000008eb00000, 0x000000008eb00000| Complete 
| 148|0x000000008ec00000, 0x000000008ed00000, 0x000000008ed00000|100%| E|CS|TAMS 0x000000008ec00000, 0x000000008ec00000| Complete 

Card table byte_map: [0x000002315eb00000,0x000002315eee0000] _byte_map_base: 0x000002315e6d4000

Marking Bits (Prev, Next): (CMBitMap*) 0x000002314bc30398, (CMBitMap*) 0x000002314bc303d0
 Prev Bits: [0x000002315f2c0000, 0x0000023161160000)
 Next Bits: [0x0000023161160000, 0x0000023163000000)

Polling page: 0x0000023149990000

Metaspace:

Usage:
  Non-class:     47.99 MB capacity,    47.67 MB (>99%) used,   248.78 KB ( <1%) free+waste,    85.06 KB ( <1%) overhead. 
      Class:      6.31 MB capacity,     6.05 MB ( 96%) used,   225.48 KB (  3%) free+waste,    38.12 KB ( <1%) overhead. 
       Both:     54.30 MB capacity,    53.72 MB ( 99%) used,   474.27 KB ( <1%) free+waste,   123.19 KB ( <1%) overhead. 

Virtual space:
  Non-class space:       48.00 MB reserved,      48.00 MB (100%) committed 
      Class space:        1.00 GB reserved,       6.38 MB ( <1%) committed 
             Both:        1.05 GB reserved,      54.38 MB (  5%) committed 

Chunk freelists:
   Non-Class:  8.00 KB
       Class:  3.00 KB
        Both:  11.00 KB

MaxMetaspaceSize: 17179869184.00 GB
CompressedClassSpaceSize: 1.00 GB
Initial GC threshold: 20.80 MB
Current GC threshold: 58.75 MB
CDS: off

CodeHeap 'non-profiled nmethods': size=120064Kb used=2932Kb max_used=2932Kb free=117131Kb
 bounds [0x00000231571e0000, 0x00000231574c0000, 0x000002315e720000]
CodeHeap 'profiled nmethods': size=120000Kb used=14579Kb max_used=14579Kb free=105421Kb
 bounds [0x000002314fcb0000, 0x0000023150af0000, 0x00000231571e0000]
CodeHeap 'non-nmethods': size=5696Kb used=1282Kb max_used=1341Kb free=4413Kb
 bounds [0x000002314f720000, 0x000002314f990000, 0x000002314fcb0000]
 total_blobs=6436 nmethods=5865 adapters=482
 compilation: enabled
              stopped_count=0, restarted_count=0
 full_count=0

Compilation events (20 events):
Event: 8.102 Thread 0x000002316550a800 nmethod 5873 0x0000023150addc90 code [0x0000023150ade200, 0x0000023150ae1658]
Event: 8.102 Thread 0x000002316550a800 5874       3       org.jetbrains.kotlin.load.java.JavaIncompatibilityRulesOverridabilityCondition$Companion::doesJavaOverrideHaveIncompatibleValueParameterKinds (238 bytes)
Event: 8.104 Thread 0x0000023165509800 nmethod 5869 0x00000231574ba010 code [0x00000231574ba1c0, 0x00000231574ba4d8]
Event: 8.104 Thread 0x000002316550a800 nmethod 5874 0x0000023150ae2190 code [0x0000023150ae2660, 0x0000023150ae5018]
Event: 8.106 Thread 0x0000023165509800 5875       4       org.jetbrains.kotlin.descriptors.impl.VariableDescriptorImpl::<init> (49 bytes)
Event: 8.110 Thread 0x0000023165509800 nmethod 5875 0x00000231574ba710 code [0x00000231574ba8a0, 0x00000231574badf8]
Event: 8.111 Thread 0x000002316550a800 5876       3       org.jetbrains.kotlin.types.checker.ClassicTypeCheckerStateKt::createClassicTypeCheckerState$default (64 bytes)
Event: 8.111 Thread 0x000002316550a800 nmethod 5876 0x0000023150ae5a10 code [0x0000023150ae5be0, 0x0000023150ae5e08]
Event: 8.112 Thread 0x0000023165509800 5877       4       org.jetbrains.kotlin.load.java.lazy.descriptors.LazyJavaClassDescriptor::getVisibility (46 bytes)
Event: 8.118 Thread 0x0000023165509800 nmethod 5877 0x00000231574baf10 code [0x00000231574bb0e0, 0x00000231574bb478]
Event: 8.121 Thread 0x0000023165509800 5878       4       org.jetbrains.kotlin.load.java.FieldOverridabilityCondition::getContract (4 bytes)
Event: 8.122 Thread 0x0000023165509800 nmethod 5878 0x00000231574bb810 code [0x00000231574bb9a0, 0x00000231574bba18]
Event: 8.122 Thread 0x0000023165509800 5879       4       org.jetbrains.kotlin.load.java.ErasedOverridabilityCondition::getContract (4 bytes)
Event: 8.122 Thread 0x0000023165509800 nmethod 5879 0x00000231574bbb10 code [0x00000231574bbca0, 0x00000231574bbd18]
Event: 8.126 Thread 0x0000023165509800 5880       4       org.jetbrains.kotlin.types.DelegatingSimpleType::getArguments (8 bytes)
Event: 8.127 Thread 0x0000023165509800 nmethod 5880 0x00000231574bbe10 code [0x00000231574bbfc0, 0x00000231574bc0b8]
Event: 8.130 Thread 0x0000023165509800 5881       4       org.jetbrains.kotlin.builtins.KotlinBuiltIns::isUnderKotlinPackage (50 bytes)
Event: 8.138 Thread 0x0000023165509800 nmethod 5881 0x00000231574bc210 code [0x00000231574bc400, 0x00000231574bc908]
Event: 8.138 Thread 0x000002316550a800 5882       3       org.jetbrains.kotlin.types.checker.NewKotlinTypeCheckerImpl::equalTypes (48 bytes)
Event: 8.140 Thread 0x000002316550a800 nmethod 5882 0x0000023150ae5f10 code [0x0000023150ae6360, 0x0000023150ae7dd8]

GC Heap History (14 events):
Event: 0.552 GC heap before
{Heap before GC invocations=0 (full 0):
 garbage-first heap   total 126976K, used 18432K [0x0000000085800000, 0x0000000100000000)
  region size 1024K, 14 young (14336K), 0 survivors (0K)
 Metaspace       used 9476K, capacity 9615K, committed 9856K, reserved 1058816K
  class space    used 780K, capacity 820K, committed 896K, reserved 1048576K
}
Event: 0.555 GC heap after
{Heap after GC invocations=1 (full 0):
 garbage-first heap   total 126976K, used 6236K [0x0000000085800000, 0x0000000100000000)
  region size 1024K, 2 young (2048K), 2 survivors (2048K)
 Metaspace       used 9476K, capacity 9615K, committed 9856K, reserved 1058816K
  class space    used 780K, capacity 820K, committed 896K, reserved 1048576K
}
Event: 1.443 GC heap before
{Heap before GC invocations=1 (full 0):
 garbage-first heap   total 126976K, used 54364K [0x0000000085800000, 0x0000000100000000)
  region size 1024K, 50 young (51200K), 2 survivors (2048K)
 Metaspace       used 21019K, capacity 21185K, committed 21248K, reserved 1069056K
  class space    used 2215K, capacity 2302K, committed 2304K, reserved 1048576K
}
Event: 1.457 GC heap after
{Heap after GC invocations=2 (full 0):
 garbage-first heap   total 126976K, used 10441K [0x0000000085800000, 0x0000000100000000)
  region size 1024K, 7 young (7168K), 7 survivors (7168K)
 Metaspace       used 21019K, capacity 21185K, committed 21248K, reserved 1069056K
  class space    used 2215K, capacity 2302K, committed 2304K, reserved 1048576K
}
Event: 2.589 GC heap before
{Heap before GC invocations=3 (full 0):
 garbage-first heap   total 126976K, used 67785K [0x0000000085800000, 0x0000000100000000)
  region size 1024K, 57 young (58368K), 7 survivors (7168K)
 Metaspace       used 33094K, capacity 33508K, committed 33792K, reserved 1079296K
  class space    used 4087K, capacity 4273K, committed 4352K, reserved 1048576K
}
Event: 2.611 GC heap after
{Heap after GC invocations=4 (full 0):
 garbage-first heap   total 126976K, used 22716K [0x0000000085800000, 0x0000000100000000)
  region size 1024K, 8 young (8192K), 8 survivors (8192K)
 Metaspace       used 33094K, capacity 33508K, committed 33792K, reserved 1079296K
  class space    used 4087K, capacity 4273K, committed 4352K, reserved 1048576K
}
Event: 2.841 GC heap before
{Heap before GC invocations=4 (full 0):
 garbage-first heap   total 126976K, used 33980K [0x0000000085800000, 0x0000000100000000)
  region size 1024K, 20 young (20480K), 8 survivors (8192K)
 Metaspace       used 35338K, capacity 35716K, committed 35840K, reserved 1081344K
  class space    used 4314K, capacity 4497K, committed 4608K, reserved 1048576K
}
Event: 2.856 GC heap after
{Heap after GC invocations=5 (full 0):
 garbage-first heap   total 126976K, used 24945K [0x0000000085800000, 0x0000000100000000)
  region size 1024K, 7 young (7168K), 7 survivors (7168K)
 Metaspace       used 35338K, capacity 35716K, committed 35840K, reserved 1081344K
  class space    used 4314K, capacity 4497K, committed 4608K, reserved 1048576K
}
Event: 3.511 GC heap before
{Heap before GC invocations=6 (full 0):
 garbage-first heap   total 126976K, used 59761K [0x0000000085800000, 0x0000000100000000)
  region size 1024K, 41 young (41984K), 7 survivors (7168K)
 Metaspace       used 41877K, capacity 42389K, committed 42496K, reserved 1087488K
  class space    used 4935K, capacity 5119K, committed 5120K, reserved 1048576K
}
Event: 3.528 GC heap after
{Heap after GC invocations=7 (full 0):
 garbage-first heap   total 152576K, used 26906K [0x0000000085800000, 0x0000000100000000)
  region size 1024K, 6 young (6144K), 6 survivors (6144K)
 Metaspace       used 41877K, capacity 42389K, committed 42496K, reserved 1087488K
  class space    used 4935K, capacity 5119K, committed 5120K, reserved 1048576K
}
Event: 5.586 GC heap before
{Heap before GC invocations=7 (full 0):
 garbage-first heap   total 152576K, used 85274K [0x0000000085800000, 0x0000000100000000)
  region size 1024K, 60 young (61440K), 6 survivors (6144K)
 Metaspace       used 50493K, capacity 51027K, committed 51456K, reserved 1095680K
  class space    used 5825K, capacity 6025K, committed 6144K, reserved 1048576K
}
Event: 5.609 GC heap after
{Heap after GC invocations=8 (full 0):
 garbage-first heap   total 152576K, used 37438K [0x0000000085800000, 0x0000000100000000)
  region size 1024K, 8 young (8192K), 8 survivors (8192K)
 Metaspace       used 50493K, capacity 51027K, committed 51456K, reserved 1095680K
  class space    used 5825K, capacity 6025K, committed 6144K, reserved 1048576K
}
Event: 7.856 GC heap before
{Heap before GC invocations=8 (full 0):
 garbage-first heap   total 152576K, used 91710K [0x0000000085800000, 0x0000000100000000)
  region size 1024K, 61 young (62464K), 8 survivors (8192K)
 Metaspace       used 54824K, capacity 55380K, committed 55680K, reserved 1097728K
  class space    used 6190K, capacity 6429K, committed 6528K, reserved 1048576K
}
Event: 7.876 GC heap after
{Heap after GC invocations=9 (full 0):
 garbage-first heap   total 152576K, used 45525K [0x0000000085800000, 0x0000000100000000)
  region size 1024K, 8 young (8192K), 8 survivors (8192K)
 Metaspace       used 54824K, capacity 55380K, committed 55680K, reserved 1097728K
  class space    used 6190K, capacity 6429K, committed 6528K, reserved 1048576K
}

Deoptimization events (20 events):
Event: 7.763 Thread 0x000002314bbf1000 Uncommon trap: trap_request=0xffffffc6 fr.pc=0x000002315747d77c relative=0x00000000000000bc
Event: 7.763 Thread 0x000002314bbf1000 Uncommon trap: reason=bimorphic_or_optimized_type_check action=maybe_recompile pc=0x000002315747d77c method=org.jetbrains.kotlin.types.DelegatingSimpleType.getConstructor()Lorg/jetbrains/kotlin/types/TypeConstructor; @ 1 c2
Event: 7.763 Thread 0x000002314bbf1000 DEOPT PACKING pc=0x000002315747d77c sp=0x00000071951fd1a0
Event: 7.763 Thread 0x000002314bbf1000 DEOPT UNPACKING pc=0x000002314f76a1a9 sp=0x00000071951fd128 mode 2
Event: 7.807 Thread 0x000002314bbf1000 DEOPT PACKING pc=0x000002315053305b sp=0x00000071951fc2f0
Event: 7.807 Thread 0x000002314bbf1000 DEOPT UNPACKING pc=0x000002314f76a93f sp=0x00000071951fb790 mode 0
Event: 7.832 Thread 0x000002314bbf1000 Uncommon trap: trap_request=0xffffff4d fr.pc=0x00000231574984c8 relative=0x0000000000000968
Event: 7.832 Thread 0x000002314bbf1000 Uncommon trap: reason=unstable_if action=reinterpret pc=0x00000231574984c8 method=org.jetbrains.org.objectweb.asm.ClassReader.<init>([BIZ)V @ 28 c2
Event: 7.832 Thread 0x000002314bbf1000 DEOPT PACKING pc=0x00000231574984c8 sp=0x00000071951fd8d0
Event: 7.832 Thread 0x000002314bbf1000 DEOPT UNPACKING pc=0x000002314f76a1a9 sp=0x00000071951fd850 mode 2
Event: 7.834 Thread 0x000002314bbf1000 Uncommon trap: trap_request=0xffffff4d fr.pc=0x0000023157457fdc relative=0x0000000000000c5c
Event: 7.834 Thread 0x000002314bbf1000 Uncommon trap: reason=unstable_if action=reinterpret pc=0x0000023157457fdc method=org.jetbrains.kotlin.util.Checks.isApplicable(Lorg/jetbrains/kotlin/descriptors/FunctionDescriptor;)Z @ 26 c2
Event: 7.834 Thread 0x000002314bbf1000 DEOPT PACKING pc=0x0000023157457fdc sp=0x00000071951fd0c0
Event: 7.834 Thread 0x000002314bbf1000 DEOPT UNPACKING pc=0x000002314f76a1a9 sp=0x00000071951fd058 mode 2
Event: 7.834 Thread 0x000002314bbf1000 Uncommon trap: trap_request=0xffffff4d fr.pc=0x0000023157484954 relative=0x0000000000000114
Event: 7.834 Thread 0x000002314bbf1000 Uncommon trap: reason=unstable_if action=reinterpret pc=0x0000023157484954 method=org.jetbrains.kotlin.util.AbstractModifierChecks.check(Lorg/jetbrains/kotlin/descriptors/FunctionDescriptor;)Lorg/jetbrains/kotlin/util/CheckResult; @ 40 c2
Event: 7.834 Thread 0x000002314bbf1000 DEOPT PACKING pc=0x0000023157484954 sp=0x00000071951fd100
Event: 7.834 Thread 0x000002314bbf1000 DEOPT UNPACKING pc=0x000002314f76a1a9 sp=0x00000071951fd090 mode 2
Event: 7.955 Thread 0x000002314bbf1000 DEOPT PACKING pc=0x0000023150a3b62b sp=0x00000071951fc450
Event: 7.955 Thread 0x000002314bbf1000 DEOPT UNPACKING pc=0x000002314f76a93f sp=0x00000071951fb8f0 mode 0

Classes redefined (0 events):
No events

Internal exceptions (20 events):
Event: 1.758 Thread 0x000002314bbf1000 Exception <a 'java/lang/NoSuchMethodError'{0x000000008c51bb18}: 'java.lang.Object java.lang.invoke.DirectMethodHandle$Holder.invokeStatic(java.lang.Object, java.lang.Object, java.lang.Object, java.lang.Object, java.lang.Object, java.lang.Object, java.lang.Object, java.lang.Object, java.lang.Object, java.lang.Object, java.lang.Object, java.lang.Object, java.lang.Object, java.lang.Object, java.lang.Object)'> (0x000000008c51bb18) thrown at [src/hotspot/share/interpreter/linkResolver.cpp, line 773]
Event: 1.759 Thread 0x000002314bbf1000 Exception <a 'java/lang/NoSuchMethodError'{0x000000008c529b20}: 'java.lang.Object java.lang.invoke.DirectMethodHandle$Holder.invokeStatic(java.lang.Object, java.lang.Object, java.lang.Object, java.lang.Object, java.lang.Object, java.lang.Object, java.lang.Object, java.lang.Object, java.lang.Object, java.lang.Object, java.lang.Object, java.lang.Object, java.lang.Object, java.lang.Object, java.lang.Object, java.lang.Object)'> (0x000000008c529b20) thrown at [src/hotspot/share/interpreter/linkResolver.cpp, lin
Event: 1.761 Thread 0x000002314bbf1000 Exception <a 'java/lang/NoSuchMethodError'{0x000000008c537a38}: 'java.lang.Object java.lang.invoke.DirectMethodHandle$Holder.invokeSpecial(java.lang.Object, java.lang.Object, int, int, java.lang.Object, java.lang.Object, java.lang.Object)'> (0x000000008c537a38) thrown at [src/hotspot/share/interpreter/linkResolver.cpp, line 773]
Event: 1.761 Thread 0x000002314bbf1000 Exception <a 'java/lang/NoSuchMethodError'{0x000000008c53b270}: 'java.lang.Object java.lang.invoke.DelegatingMethodHandle$Holder.reinvoke_L(java.lang.Object, int, int, java.lang.Object, java.lang.Object, java.lang.Object)'> (0x000000008c53b270) thrown at [src/hotspot/share/interpreter/linkResolver.cpp, line 773]
Event: 1.762 Thread 0x000002314bbf1000 Exception <a 'java/lang/NoSuchMethodError'{0x000000008c53f5f8}: 'java.lang.Object java.lang.invoke.DirectMethodHandle$Holder.invokeStatic(java.lang.Object, java.lang.Object, java.lang.Object, java.lang.Object, int)'> (0x000000008c53f5f8) thrown at [src/hotspot/share/interpreter/linkResolver.cpp, line 773]
Event: 1.798 Thread 0x000002314bbf1000 Exception <a 'java/lang/NoSuchMethodError'{0x000000008c4646a8}: 'void java.lang.invoke.DirectMethodHandle$Holder.invokeStatic(java.lang.Object, java.lang.Object, java.lang.Object, java.lang.Object)'> (0x000000008c4646a8) thrown at [src/hotspot/share/interpreter/linkResolver.cpp, line 773]
Event: 1.878 Thread 0x000002314bbf1000 Exception <a 'java/lang/NoSuchMethodError'{0x000000008c04b0d0}: 'void java.lang.invoke.DirectMethodHandle$Holder.invokeStaticInit(java.lang.Object, java.lang.Object)'> (0x000000008c04b0d0) thrown at [src/hotspot/share/interpreter/linkResolver.cpp, line 773]
Event: 1.977 Thread 0x000002314bbf1000 Exception <a 'java/lang/NoSuchMethodError'{0x000000008bcacc30}: 'void java.lang.invoke.DirectMethodHandle$Holder.invokeVirtual(java.lang.Object, java.lang.Object)'> (0x000000008bcacc30) thrown at [src/hotspot/share/interpreter/linkResolver.cpp, line 773]
Event: 1.987 Thread 0x000002314bbf1000 Exception <a 'java/lang/NoSuchMethodError'{0x000000008bb40a80}: 'int java.lang.invoke.DirectMethodHandle$Holder.invokeVirtual(java.lang.Object, java.lang.Object)'> (0x000000008bb40a80) thrown at [src/hotspot/share/interpreter/linkResolver.cpp, line 773]
Event: 2.862 Thread 0x000002314bbf1000 Exception <a 'java/lang/NoSuchMethodError'{0x000000008d30ee98}: 'java.lang.Object java.lang.invoke.DirectMethodHandle$Holder.invokeVirtual(java.lang.Object, java.lang.Object, java.lang.Object)'> (0x000000008d30ee98) thrown at [src/hotspot/share/interpreter/linkResolver.cpp, line 773]
Event: 3.764 Thread 0x000002314bbf1000 Exception <a 'java/lang/NoSuchMethodError'{0x000000008e5ed4f8}: 'java.lang.Object java.lang.invoke.Invokers$Holder.linkToTargetMethod(java.lang.Object, int, java.lang.Object)'> (0x000000008e5ed4f8) thrown at [src/hotspot/share/interpreter/linkResolver.cpp, line 773]
Event: 3.855 Thread 0x000002314bbf1000 Exception <a 'java/lang/NoSuchMethodError'{0x000000008e38cd70}: 'java.lang.Object java.lang.invoke.DirectMethodHandle$Holder.invokeStatic(java.lang.Object, java.lang.Object, java.lang.Object, int)'> (0x000000008e38cd70) thrown at [src/hotspot/share/interpreter/linkResolver.cpp, line 773]
Event: 3.856 Thread 0x000002314bbf1000 Exception <a 'java/lang/NoSuchMethodError'{0x000000008e3909e0}: 'java.lang.Object java.lang.invoke.DirectMethodHandle$Holder.invokeSpecial(java.lang.Object, java.lang.Object, java.lang.Object, java.lang.Object, int)'> (0x000000008e3909e0) thrown at [src/hotspot/share/interpreter/linkResolver.cpp, line 773]
Event: 3.856 Thread 0x000002314bbf1000 Exception <a 'java/lang/NoSuchMethodError'{0x000000008e393cf0}: 'java.lang.Object java.lang.invoke.Invokers$Holder.linkToTargetMethod(java.lang.Object, java.lang.Object, int, java.lang.Object)'> (0x000000008e393cf0) thrown at [src/hotspot/share/interpreter/linkResolver.cpp, line 773]
Event: 5.913 Thread 0x000002314bbf1000 Exception <a 'java/lang/NoSuchMethodError'{0x000000008db5c6b0}: 'java.lang.Object java.lang.invoke.DirectMethodHandle$Holder.invokeSpecial(java.lang.Object, java.lang.Object, java.lang.Object, java.lang.Object, java.lang.Object, java.lang.Object, java.lang.Object, java.lang.Object, java.lang.Object)'> (0x000000008db5c6b0) thrown at [src/hotspot/share/interpreter/linkResolver.cpp, line 773]
Event: 5.913 Thread 0x000002314bbf1000 Exception <a 'java/lang/NoSuchMethodError'{0x000000008db608a8}: 'java.lang.Object java.lang.invoke.Invokers$Holder.linkToTargetMethod(java.lang.Object, java.lang.Object, java.lang.Object, java.lang.Object, java.lang.Object, java.lang.Object, java.lang.Object, java.lang.Object)'> (0x000000008db608a8) thrown at [src/hotspot/share/interpreter/linkResolver.cpp, line 773]
Event: 6.662 Thread 0x000002314bbf1000 Exception <a 'java/lang/NoSuchMethodError'{0x000000008cddb328}: 'java.lang.Object java.lang.invoke.DirectMethodHandle$Holder.invokeStaticInit(java.lang.Object, java.lang.Object, java.lang.Object)'> (0x000000008cddb328) thrown at [src/hotspot/share/interpreter/linkResolver.cpp, line 773]
Event: 7.838 Thread 0x000002314bbf1000 Exception <a 'java/lang/NoSuchMethodError'{0x000000008b8733a8}: 'java.lang.Object java.lang.invoke.DirectMethodHandle$Holder.invokeStatic(java.lang.Object, int, java.lang.Object, java.lang.Object)'> (0x000000008b8733a8) thrown at [src/hotspot/share/interpreter/linkResolver.cpp, line 773]
Event: 7.839 Thread 0x000002314bbf1000 Exception <a 'java/lang/NoSuchMethodError'{0x000000008b87a9c8}: 'java.lang.Object java.lang.invoke.DirectMethodHandle$Holder.invokeStatic(java.lang.Object, int, java.lang.Object)'> (0x000000008b87a9c8) thrown at [src/hotspot/share/interpreter/linkResolver.cpp, line 773]
Event: 7.840 Thread 0x000002314bbf1000 Exception <a 'java/lang/NoSuchMethodError'{0x000000008b880ad8}: 'int java.lang.invoke.DirectMethodHandle$Holder.invokeInterface(java.lang.Object, java.lang.Object)'> (0x000000008b880ad8) thrown at [src/hotspot/share/interpreter/linkResolver.cpp, line 773]

Events (20 events):
Event: 7.840 loading class kotlin/jvm/functions/Function1
Event: 7.840 loading class kotlin/jvm/functions/Function1 done
Event: 7.849 loading class org/jetbrains/kotlin/utils/SmartSet$ArrayIterator
Event: 7.849 loading class org/jetbrains/kotlin/utils/SmartSet$ArrayIterator done
Event: 7.855 Executing VM operation: G1CollectForAllocation
Event: 7.876 Executing VM operation: G1CollectForAllocation done
Event: 7.991 loading class org/jetbrains/kotlin/load/java/structure/impl/JavaFieldImpl
Event: 7.991 loading class org/jetbrains/kotlin/load/java/structure/impl/JavaFieldImpl done
Event: 7.992 loading class org/jetbrains/kotlin/load/java/structure/impl/JavaMemberImpl
Event: 7.992 loading class org/jetbrains/kotlin/load/java/structure/impl/JavaMemberImpl done
Event: 7.992 loading class org/jetbrains/kotlin/load/java/lazy/descriptors/JavaDescriptorUtilKt
Event: 7.992 loading class org/jetbrains/kotlin/load/java/lazy/descriptors/JavaDescriptorUtilKt done
Event: 8.014 loading class org/jetbrains/kotlin/load/java/lazy/descriptors/LazyJavaScope$resolveProperty$1
Event: 8.014 loading class org/jetbrains/kotlin/load/java/lazy/descriptors/LazyJavaScope$resolveProperty$1 done
Event: 8.014 loading class org/jetbrains/kotlin/load/java/lazy/descriptors/LazyJavaScope$resolveProperty$1$1
Event: 8.014 loading class org/jetbrains/kotlin/load/java/lazy/descriptors/LazyJavaScope$resolveProperty$1$1 done
Event: 8.024 loading class org/jetbrains/kotlin/descriptors/impl/PropertyDescriptorImpl$CopyConfiguration
Event: 8.024 loading class org/jetbrains/kotlin/descriptors/impl/PropertyDescriptorImpl$CopyConfiguration done
Event: 8.055 Executing VM operation: ICBufferFull
Event: 8.056 Executing VM operation: ICBufferFull done


Dynamic libraries:
0x00007ff76e810000 - 0x00007ff76e81a000 	C:\Program Files\Android\Android Studio\jbr\bin\java.exe
0x00007ffe94fb0000 - 0x00007ffe951a8000 	C:\Windows\SYSTEM32\ntdll.dll
0x00007ffe93310000 - 0x00007ffe933cf000 	C:\Windows\System32\KERNEL32.DLL
0x00007ffe927a0000 - 0x00007ffe92a7a000 	C:\Windows\System32\KERNELBASE.dll
0x00007ffe92bf0000 - 0x00007ffe92cf0000 	C:\Windows\System32\ucrtbase.dll
0x00007ffe86f10000 - 0x00007ffe86f27000 	C:\Program Files\Android\Android Studio\jbr\bin\jli.dll
0x00007ffe93e50000 - 0x00007ffe93fed000 	C:\Windows\System32\USER32.dll
0x00007ffe92b90000 - 0x00007ffe92bb2000 	C:\Windows\System32\win32u.dll
0x00007ffe945f0000 - 0x00007ffe9461b000 	C:\Windows\System32\GDI32.dll
0x00007ffe92a80000 - 0x00007ffe92b90000 	C:\Windows\System32\gdi32full.dll
0x00007ffe92f00000 - 0x00007ffe92f9d000 	C:\Windows\System32\msvcp_win.dll
0x00007ffe83610000 - 0x00007ffe8362b000 	C:\Program Files\Android\Android Studio\jbr\bin\VCRUNTIME140.dll
0x00007ffe77f30000 - 0x00007ffe781ca000 	C:\Windows\WinSxS\amd64_microsoft.windows.common-controls_6595b64144ccf1df_6.0.19041.1110_none_60b5254171f9507e\COMCTL32.dll
0x00007ffe93970000 - 0x00007ffe93a0e000 	C:\Windows\System32\msvcrt.dll
0x00007ffe932e0000 - 0x00007ffe93310000 	C:\Windows\System32\IMM32.DLL
0x00007ffe83600000 - 0x00007ffe8360c000 	C:\Program Files\Android\Android Studio\jbr\bin\vcruntime140_1.dll
0x00007ffe83570000 - 0x00007ffe835fd000 	C:\Program Files\Android\Android Studio\jbr\bin\msvcp140.dll
0x00007ffe5e9a0000 - 0x00007ffe5f55c000 	C:\Program Files\Android\Android Studio\jbr\bin\server\jvm.dll
0x00007ffe94dd0000 - 0x00007ffe94e7e000 	C:\Windows\System32\ADVAPI32.dll
0x00007ffe94550000 - 0x00007ffe945ec000 	C:\Windows\System32\sechost.dll
0x00007ffe93d20000 - 0x00007ffe93e46000 	C:\Windows\System32\RPCRT4.dll
0x00007ffe930d0000 - 0x00007ffe930d8000 	C:\Windows\System32\PSAPI.DLL
0x00007ffe8a0e0000 - 0x00007ffe8a0e9000 	C:\Windows\SYSTEM32\WSOCK32.dll
0x00007ffe944e0000 - 0x00007ffe9454b000 	C:\Windows\System32\WS2_32.dll
0x00007ffe832f0000 - 0x00007ffe83317000 	C:\Windows\SYSTEM32\WINMM.dll
0x00007ffe8cfa0000 - 0x00007ffe8cfaa000 	C:\Windows\SYSTEM32\VERSION.dll
0x00007ffe905a0000 - 0x00007ffe905b2000 	C:\Windows\SYSTEM32\kernel.appcore.dll
0x00007ffe82f70000 - 0x00007ffe82f80000 	C:\Program Files\Android\Android Studio\jbr\bin\verify.dll
0x00007ffe81b20000 - 0x00007ffe81d04000 	C:\Windows\SYSTEM32\DBGHELP.DLL
0x00007ffe81ae0000 - 0x00007ffe81b14000 	C:\Windows\SYSTEM32\dbgcore.DLL
0x00007ffe926c0000 - 0x00007ffe92742000 	C:\Windows\System32\bcryptPrimitives.dll
0x00007ffe82f40000 - 0x00007ffe82f68000 	C:\Program Files\Android\Android Studio\jbr\bin\java.dll
0x00007ffe82f30000 - 0x00007ffe82f3a000 	C:\Program Files\Android\Android Studio\jbr\bin\jimage.dll
0x00007ffe82f10000 - 0x00007ffe82f28000 	C:\Program Files\Android\Android Studio\jbr\bin\zip.dll
0x00007ffe94680000 - 0x00007ffe94dc4000 	C:\Windows\System32\SHELL32.dll
0x00007ffe907a0000 - 0x00007ffe90f33000 	C:\Windows\SYSTEM32\windows.storage.dll
0x00007ffe934f0000 - 0x00007ffe93844000 	C:\Windows\System32\combase.dll
0x00007ffe92040000 - 0x00007ffe9206e000 	C:\Windows\SYSTEM32\Wldp.dll
0x00007ffe93020000 - 0x00007ffe930cd000 	C:\Windows\System32\SHCORE.dll
0x00007ffe93850000 - 0x00007ffe938a5000 	C:\Windows\System32\shlwapi.dll
0x00007ffe92600000 - 0x00007ffe9261f000 	C:\Windows\SYSTEM32\profapi.dll
0x00007ffe82ef0000 - 0x00007ffe82f09000 	C:\Program Files\Android\Android Studio\jbr\bin\net.dll
0x00007ffe8aa30000 - 0x00007ffe8ab3a000 	C:\Windows\SYSTEM32\WINHTTP.dll
0x00007ffe91da0000 - 0x00007ffe91e0a000 	C:\Windows\system32\mswsock.dll
0x00007ffe82ed0000 - 0x00007ffe82ee3000 	C:\Program Files\Android\Android Studio\jbr\bin\nio.dll

dbghelp: loaded successfully - version: 4.0.5 - missing functions: none
symbol engine: initialized successfully - sym options: 0x614 - pdb path: .;C:\Program Files\Android\Android Studio\jbr\bin;C:\Windows\SYSTEM32;C:\Windows\WinSxS\amd64_microsoft.windows.common-controls_6595b64144ccf1df_6.0.19041.1110_none_60b5254171f9507e;C:\Program Files\Android\Android Studio\jbr\bin\server

VM Arguments:
java_command: org.jetbrains.kotlin.cli.jvm.K2JVMCompiler @C:\Users\student\Desktop\MyPlaces\app\build\20230419_2325469694694169055.compiler.options
java_class_path (initial): C:\Users\student\.gradle\caches\modules-2\files-2.1\org.jetbrains.kotlin\kotlin-compiler-embeddable\1.8.0\eb9118d4bcceaa2a94b2ae2a33a4ddba7c9a947f\kotlin-compiler-embeddable-1.8.0.jar;C:\Users\student\.gradle\caches\modules-2\files-2.1\org.jetbrains.kotlin\kotlin-stdlib\1.8.0\1796921c7a3e2e2665a83e6c8d33399336cd39bc\kotlin-stdlib-1.8.0.jar;C:\Users\student\.gradle\caches\modules-2\files-2.1\org.jetbrains.kotlin\kotlin-script-runtime\1.8.0\b2f7e760d283cb339974851c222a4c1d48f2d3d\kotlin-script-runtime-1.8.0.jar;C:\Users\student\.gradle\caches\modules-2\files-2.1\org.jetbrains.kotlin\kotlin-reflect\1.6.10\1cbe9c92c12a94eea200d23c2bbaedaf3daf5132\kotlin-reflect-1.6.10.jar;C:\Users\student\.gradle\caches\modules-2\files-2.1\org.jetbrains.kotlin\kotlin-daemon-embeddable\1.8.0\d255216c551685dc3a7e852b53617f5f01aaaa5c\kotlin-daemon-embeddable-1.8.0.jar;C:\Users\student\.gradle\caches\modules-2\files-2.1\org.jetbrains.intellij.deps\trove4j\1.0.20200330\3afb14d5f9ceb459d724e907a21145e8ff394f02\trove4j-1.0.20200330.jar;C:\Users\student\.gradle\caches\modules-2\files-2.1\net.java.dev.jna\jna\5.6.0\330f2244e9030119ab3030fc3fededc86713d9cc\jna-5.6.0.jar;C:\Users\student\.gradle\caches\modules-2\files-2.1\org.jetbrains.kotlin\kotlin-stdlib-common\1.8.0\f7197e7cc76453ac59f8b0f8d5137cc600becd36\kotlin-stdlib-common-1.8.0.jar;C:\Users\student\.gradle\caches\modules-2\files-2.1\org.jetbrains\annotations\13.0\919f0dfe192fb4e063e7dacadee7f8bb9a2672a9\annotations-13.0.jar
Launcher Type: SUN_STANDARD

[Global flags]
     intx CICompilerCount                          = 3                                         {product} {ergonomic}
     uint ConcGCThreads                            = 1                                         {product} {ergonomic}
     uint G1ConcRefinementThreads                  = 4                                         {product} {ergonomic}
   size_t G1HeapRegionSize                         = 1048576                                   {product} {ergonomic}
    uintx GCDrainStackTargetSize                   = 64                                        {product} {ergonomic}
   size_t InitialHeapSize                          = 130023424                                 {product} {ergonomic}
   size_t MarkStackSize                            = 4194304                                   {product} {ergonomic}
   size_t MaxHeapSize                              = 2055208960                                {product} {ergonomic}
   size_t MaxNewSize                               = 1233125376                                {product} {ergonomic}
   size_t MinHeapDeltaBytes                        = 1048576                                   {product} {ergonomic}
    uintx NonNMethodCodeHeapSize                   = 5830732                                {pd product} {ergonomic}
    uintx NonProfiledCodeHeapSize                  = 122913754                              {pd product} {ergonomic}
    uintx ProfiledCodeHeapSize                     = 122913754                              {pd product} {ergonomic}
    uintx ReservedCodeCacheSize                    = 251658240                              {pd product} {ergonomic}
     bool SegmentedCodeCache                       = true                                      {product} {ergonomic}
     bool UseCompressedClassPointers               = true                                 {lp64_product} {ergonomic}
     bool UseCompressedOops                        = true                                 {lp64_product} {ergonomic}
     bool UseG1GC                                  = true                                      {product} {ergonomic}
     bool UseLargePagesIndividualAllocation        = false                                  {pd product} {ergonomic}

Logging:
Log output configuration:
 #0: stdout all=warning uptime,level,tags
 #1: stderr all=off uptime,level,tags

Environment Variables:
JAVA_HOME=C:\Program Files\Eclipse Adoptium\jre-8.0.322.6-hotspot\
PATH=C:\Program Files\Common Files\Oracle\Java\javapath;C:\Program Files\Eclipse Adoptium\jre-8.0.322.6-hotspot\bin;C:\Program Files (x86)\Eclipse Adoptium\jre-8.0.312.7-hotspot\bin;C:\Windows\system32;C:\Windows;C:\Windows\System32\Wbem;C:\Windows\System32\WindowsPowerShell\v1.0\;C:\Windows\System32\OpenSSH\;C:\Program Files\Microsoft VS Code\bin;C:\Program Files\dotnet\;C:\Program Files\Azure Data Studio\bin;C:\Program Files\Microsoft SQL Server\150\Tools\Binn\;C:\Program Files\Microsoft SQL Server\130\Tools\Binn\;C:\Program Files\Microsoft SQL Server\Client SDK\ODBC\170\Tools\Binn\;C:\Program Files\MATLAB\R2017a\runtime\win64;C:\Program Files\MATLAB\R2017a\bin;C:\Program Files\Git\cmd;C:\Users\student\AppData\Local\Programs\Python\Python310\Scripts\;C:\Users\student\AppData\Local\Programs\Python\Python310\;C:\Users\student\AppData\Local\Microsoft\WindowsApps;C:\Users\student\.dotnet\tools
USERNAME=student
OS=Windows_NT
PROCESSOR_IDENTIFIER=Intel64 Family 6 Model 165 Stepping 3, GenuineIntel



---------------  S Y S T E M  ---------------

OS: Windows 10 , 64 bit Build 19041 (10.0.19041.2788)
OS uptime: 5 days 23:50 hours

CPU:total 4 (initial active 4) (2 cores per cpu, 2 threads per core) family 6 model 165 stepping 3 microcode 0xcc, cmov, cx8, fxsr, mmx, sse, sse2, sse3, ssse3, sse4.1, sse4.2, popcnt, aes, clmul, erms, 3dnowpref, lzcnt, ht, tsc, tscinvbit

Memory: 4k page, system-wide physical 7837M (432M free)
TotalPageFile size 9476M (AvailPageFile size 6M)
current process WorkingSet (physical memory assigned to process): 297M, peak: 297M
current process commit charge ("private bytes"): 350M, peak: 351M

vm_info: OpenJDK 64-Bit Server VM (11.0.15+0-b2043.56-9505619) for windows-amd64 JRE (11.0.15+0-b2043.56-9505619), built on Jan 19 2023 02:48:00 by "builduser" with unknown MS VC++:1929

END.
