#
# There is insufficient memory for the Java Runtime Environment to continue.
# Native memory allocation (malloc) failed to allocate 1829136 bytes for Chunk::new
# Possible reasons:
#   The system is out of physical RAM or swap space
#   The process is running with CompressedOops enabled, and the Java Heap may be blocking the growth of the native heap
# Possible solutions:
#   Reduce memory load on the system
#   Increase physical memory or swap space
#   Check if swap backing store is full
#   Decrease Java heap size (-Xmx/-Xms)
#   Decrease number of Java threads
#   Decrease Java thread stack sizes (-Xss)
#   Set larger code cache with -XX:ReservedCodeCacheSize=
#   JVM is running with Unscaled Compressed Oops mode in which the Java heap is
#     placed in the first 4GB address space. The Java Heap base address is the
#     maximum limit for the native heap growth. Please use -XX:HeapBaseMinAddress
#     to set the Java Heap base and to place the Java Heap above 4GB virtual address.
# This output file may be truncated or incomplete.
#
#  Out of Memory Error (src/hotspot/share/memory/arena.cpp:197), pid=10924, tid=11284
#
# JRE version: OpenJDK Runtime Environment (11.0.15) (build 11.0.15+0-b2043.56-9505619)
# Java VM: OpenJDK 64-Bit Server VM (11.0.15+0-b2043.56-9505619, mixed mode, tiered, compressed oops, g1 gc, windows-amd64)
# No core dump will be written. Minidumps are not enabled by default on client versions of Windows
#

---------------  S U M M A R Y ------------

Command Line: org.jetbrains.kotlin.cli.jvm.K2JVMCompiler @C:\Users\student\Desktop\MyPlaces\app\build\20230419_12698686667926109299.compiler.options

Host: Intel(R) Pentium(R) Gold G6400 CPU @ 4.00GHz, 4 cores, 7G,  Windows 10 , 64 bit Build 19041 (10.0.19041.2788)
Time: Wed Apr 19 17:52:28 2023 Central Europe Daylight Time elapsed time: 5.105520 seconds (0d 0h 0m 5s)

---------------  T H R E A D  ---------------

Current thread (0x00000229a6e59800):  JavaThread "C2 CompilerThread0" daemon [_thread_in_native, id=11284, stack(0x000000c97e500000,0x000000c97e600000)]


Current CompileTask:
C2:   5105 2981       4       java.lang.ClassLoader::loadClass (7 bytes)

Stack: [0x000000c97e500000,0x000000c97e600000]
Native frames: (J=compiled Java code, j=interpreted, Vv=VM code, C=native code)
V  [jvm.dll+0x64135a]
V  [jvm.dll+0x7d39f9]
V  [jvm.dll+0x7d51b9]
V  [jvm.dll+0x7d58a3]
V  [jvm.dll+0x2691c5]
V  [jvm.dll+0xc1a5c]
V  [jvm.dll+0xc200c]
V  [jvm.dll+0x377462]
V  [jvm.dll+0x1b3732]
V  [jvm.dll+0x22163e]
V  [jvm.dll+0x220498]
V  [jvm.dll+0x19e851]
V  [jvm.dll+0x230479]
V  [jvm.dll+0x22e5ef]
V  [jvm.dll+0x794de1]
V  [jvm.dll+0x78dc24]
V  [jvm.dll+0x6400f6]
C  [ucrtbase.dll+0x21bb2]
C  [KERNEL32.DLL+0x17604]
C  [ntdll.dll+0x526a1]


---------------  P R O C E S S  ---------------

Threads class SMR info:
_java_thread_list=0x00000229a7cb77e0, length=10, elements={
0x000002298d541000, 0x00000229a6e38000, 0x00000229a6e39800, 0x00000229a6e53800,
0x00000229a6e54000, 0x00000229a6e56800, 0x00000229a6e59800, 0x00000229a6e5b800,
0x00000229a780d000, 0x00000229a78fe800
}

Java Threads: ( => current thread )
  0x000002298d541000 JavaThread "main" [_thread_in_vm, id=8536, stack(0x000000c97d900000,0x000000c97da00000)]
  0x00000229a6e38000 JavaThread "Reference Handler" daemon [_thread_blocked, id=10544, stack(0x000000c97e000000,0x000000c97e100000)]
  0x00000229a6e39800 JavaThread "Finalizer" daemon [_thread_blocked, id=11996, stack(0x000000c97e100000,0x000000c97e200000)]
  0x00000229a6e53800 JavaThread "Signal Dispatcher" daemon [_thread_blocked, id=8004, stack(0x000000c97e200000,0x000000c97e300000)]
  0x00000229a6e54000 JavaThread "Attach Listener" daemon [_thread_blocked, id=10616, stack(0x000000c97e300000,0x000000c97e400000)]
  0x00000229a6e56800 JavaThread "Service Thread" daemon [_thread_blocked, id=12084, stack(0x000000c97e400000,0x000000c97e500000)]
=>0x00000229a6e59800 JavaThread "C2 CompilerThread0" daemon [_thread_in_native, id=11284, stack(0x000000c97e500000,0x000000c97e600000)]
  0x00000229a6e5b800 JavaThread "C1 CompilerThread0" daemon [_thread_blocked, id=9424, stack(0x000000c97e600000,0x000000c97e700000)]
  0x00000229a780d000 JavaThread "Sweeper thread" daemon [_thread_blocked, id=9176, stack(0x000000c97e700000,0x000000c97e800000)]
  0x00000229a78fe800 JavaThread "Common-Cleaner" daemon [_thread_blocked, id=5572, stack(0x000000c97e900000,0x000000c97ea00000)]

Other Threads:
  0x00000229a6e0f800 VMThread "VM Thread" [stack: 0x000000c97df00000,0x000000c97e000000] [id=5468]
  0x00000229a78fa800 WatcherThread [stack: 0x000000c97e800000,0x000000c97e900000] [id=10420]
  0x000002298d55a000 GCTaskThread "GC Thread#0" [stack: 0x000000c97da00000,0x000000c97db00000] [id=11392]
  0x00000229a7d6b000 GCTaskThread "GC Thread#1" [stack: 0x000000c97ea00000,0x000000c97eb00000] [id=11724]
  0x000002298d588800 ConcurrentGCThread "G1 Main Marker" [stack: 0x000000c97db00000,0x000000c97dc00000] [id=4152]
  0x000002298d58a000 ConcurrentGCThread "G1 Conc#0" [stack: 0x000000c97dc00000,0x000000c97dd00000] [id=3488]
  0x000002298d608800 ConcurrentGCThread "G1 Refine#0" [stack: 0x000000c97dd00000,0x000000c97de00000] [id=10508]
  0x00000229a9b99800 ConcurrentGCThread "G1 Refine#1" [stack: 0x000000c97eb00000,0x000000c97ec00000] [id=8912]
  0x00000229a98f6000 ConcurrentGCThread "G1 Refine#2" [stack: 0x000000c97ec00000,0x000000c97ed00000] [id=9968]
  0x000002298d60a800 ConcurrentGCThread "G1 Young RemSet Sampling" [stack: 0x000000c97de00000,0x000000c97df00000] [id=8840]

Threads with active compile tasks:
C2 CompilerThread0     5118 2981       4       java.lang.ClassLoader::loadClass (7 bytes)

VM state:not at safepoint (normal execution)

VM Mutex/Monitor currently owned by a thread: None

Heap address: 0x0000000085800000, size: 1960 MB, Compressed Oops mode: 32-bit
Narrow klass base: 0x0000000000000000, Narrow klass shift: 3
Compressed class space size: 1073741824 Address: 0x0000000100000000

Heap:
 garbage-first heap   total 152576K, used 31397K [0x0000000085800000, 0x0000000100000000)
  region size 1024K, 12 young (12288K), 6 survivors (6144K)
 Metaspace       used 45270K, capacity 45755K, committed 45952K, reserved 1089536K
  class space    used 5273K, capacity 5468K, committed 5504K, reserved 1048576K
Heap Regions: E=young(eden), S=young(survivor), O=old, HS=humongous(starts), HC=humongous(continues), CS=collection set, F=free, A=archive, TAMS=top-at-mark-start (previous, next)
|   0|0x0000000085800000, 0x0000000085900000, 0x0000000085900000|100%|HS|  |TAMS 0x0000000085900000, 0x0000000085800000| Complete 
|   1|0x0000000085900000, 0x0000000085a00000, 0x0000000085a00000|100%|HC|  |TAMS 0x0000000085a00000, 0x0000000085900000| Complete 
|   2|0x0000000085a00000, 0x0000000085b00000, 0x0000000085b00000|100%|HC|  |TAMS 0x0000000085b00000, 0x0000000085a00000| Complete 
|   3|0x0000000085b00000, 0x0000000085c00000, 0x0000000085c00000|100%|HC|  |TAMS 0x0000000085c00000, 0x0000000085b00000| Complete 
|   4|0x0000000085c00000, 0x0000000085d00000, 0x0000000085d00000|100%| O|  |TAMS 0x0000000085d00000, 0x0000000085c00000| Untracked 
|   5|0x0000000085d00000, 0x0000000085e00000, 0x0000000085e00000|100%| O|  |TAMS 0x0000000085e00000, 0x0000000085d00000| Untracked 
|   6|0x0000000085e00000, 0x0000000085f00000, 0x0000000085f00000|100%|HS|  |TAMS 0x0000000085f00000, 0x0000000085e00000| Complete 
|   7|0x0000000085f00000, 0x0000000086000000, 0x0000000086000000|100%|HC|  |TAMS 0x0000000086000000, 0x0000000085f00000| Complete 
|   8|0x0000000086000000, 0x0000000086100000, 0x0000000086100000|100%|HC|  |TAMS 0x0000000086100000, 0x0000000086000000| Complete 
|   9|0x0000000086100000, 0x0000000086200000, 0x0000000086200000|100%|HC|  |TAMS 0x0000000086200000, 0x0000000086100000| Complete 
|  10|0x0000000086200000, 0x0000000086200000, 0x0000000086300000|  0%| F|  |TAMS 0x0000000086200000, 0x0000000086200000| Untracked 
|  11|0x0000000086300000, 0x0000000086300000, 0x0000000086400000|  0%| F|  |TAMS 0x0000000086300000, 0x0000000086300000| Untracked 
|  12|0x0000000086400000, 0x0000000086500000, 0x0000000086500000|100%| O|  |TAMS 0x0000000086500000, 0x0000000086400000| Untracked 
|  13|0x0000000086500000, 0x0000000086600000, 0x0000000086600000|100%| O|  |TAMS 0x0000000086600000, 0x0000000086500000| Untracked 
|  14|0x0000000086600000, 0x0000000086700000, 0x0000000086700000|100%| O|  |TAMS 0x0000000086700000, 0x0000000086600000| Untracked 
|  15|0x0000000086700000, 0x0000000086800000, 0x0000000086800000|100%| O|  |TAMS 0x0000000086800000, 0x0000000086700000| Untracked 
|  16|0x0000000086800000, 0x0000000086900000, 0x0000000086900000|100%| O|  |TAMS 0x0000000086900000, 0x0000000086800000| Untracked 
|  17|0x0000000086900000, 0x0000000086a00000, 0x0000000086a00000|100%| O|  |TAMS 0x0000000086a00000, 0x0000000086900000| Untracked 
|  18|0x0000000086a00000, 0x0000000086b00000, 0x0000000086b00000|100%| O|  |TAMS 0x0000000086b00000, 0x0000000086a00000| Untracked 
|  19|0x0000000086b00000, 0x0000000086c00000, 0x0000000086c00000|100%| O|  |TAMS 0x0000000086c00000, 0x0000000086b00000| Untracked 
|  20|0x0000000086c00000, 0x0000000086d00000, 0x0000000086d00000|100%| O|  |TAMS 0x0000000086d00000, 0x0000000086c00000| Untracked 
|  21|0x0000000086d00000, 0x0000000086e00000, 0x0000000086e00000|100%| O|  |TAMS 0x0000000086e00000, 0x0000000086d00000| Untracked 
|  22|0x0000000086e00000, 0x0000000086e5ec00, 0x0000000086f00000| 37%| O|  |TAMS 0x0000000086e5ec00, 0x0000000086e00000| Untracked 
|  23|0x0000000086f00000, 0x0000000086f00000, 0x0000000087000000|  0%| F|  |TAMS 0x0000000086f00000, 0x0000000086f00000| Untracked 
|  24|0x0000000087000000, 0x0000000087000000, 0x0000000087100000|  0%| F|  |TAMS 0x0000000087000000, 0x0000000087000000| Untracked 
|  25|0x0000000087100000, 0x0000000087100000, 0x0000000087200000|  0%| F|  |TAMS 0x0000000087100000, 0x0000000087100000| Untracked 
|  26|0x0000000087200000, 0x0000000087200000, 0x0000000087300000|  0%| F|  |TAMS 0x0000000087200000, 0x0000000087200000| Untracked 
|  27|0x0000000087300000, 0x0000000087300000, 0x0000000087400000|  0%| F|  |TAMS 0x0000000087300000, 0x0000000087300000| Untracked 
|  28|0x0000000087400000, 0x0000000087400000, 0x0000000087500000|  0%| F|  |TAMS 0x0000000087400000, 0x0000000087400000| Untracked 
|  29|0x0000000087500000, 0x0000000087500000, 0x0000000087600000|  0%| F|  |TAMS 0x0000000087500000, 0x0000000087500000| Untracked 
|  30|0x0000000087600000, 0x0000000087600000, 0x0000000087700000|  0%| F|  |TAMS 0x0000000087600000, 0x0000000087600000| Untracked 
|  31|0x0000000087700000, 0x0000000087700000, 0x0000000087800000|  0%| F|  |TAMS 0x0000000087700000, 0x0000000087700000| Untracked 
|  32|0x0000000087800000, 0x0000000087800000, 0x0000000087900000|  0%| F|  |TAMS 0x0000000087800000, 0x0000000087800000| Untracked 
|  33|0x0000000087900000, 0x0000000087900000, 0x0000000087a00000|  0%| F|  |TAMS 0x0000000087900000, 0x0000000087900000| Untracked 
|  34|0x0000000087a00000, 0x0000000087a00000, 0x0000000087b00000|  0%| F|  |TAMS 0x0000000087a00000, 0x0000000087a00000| Untracked 
|  35|0x0000000087b00000, 0x0000000087b00000, 0x0000000087c00000|  0%| F|  |TAMS 0x0000000087b00000, 0x0000000087b00000| Untracked 
|  36|0x0000000087c00000, 0x0000000087c00000, 0x0000000087d00000|  0%| F|  |TAMS 0x0000000087c00000, 0x0000000087c00000| Untracked 
|  37|0x0000000087d00000, 0x0000000087d00000, 0x0000000087e00000|  0%| F|  |TAMS 0x0000000087d00000, 0x0000000087d00000| Untracked 
|  38|0x0000000087e00000, 0x0000000087e00000, 0x0000000087f00000|  0%| F|  |TAMS 0x0000000087e00000, 0x0000000087e00000| Untracked 
|  39|0x0000000087f00000, 0x0000000087f00000, 0x0000000088000000|  0%| F|  |TAMS 0x0000000087f00000, 0x0000000087f00000| Untracked 
|  40|0x0000000088000000, 0x0000000088000000, 0x0000000088100000|  0%| F|  |TAMS 0x0000000088000000, 0x0000000088000000| Untracked 
|  41|0x0000000088100000, 0x0000000088100000, 0x0000000088200000|  0%| F|  |TAMS 0x0000000088100000, 0x0000000088100000| Untracked 
|  42|0x0000000088200000, 0x0000000088200000, 0x0000000088300000|  0%| F|  |TAMS 0x0000000088200000, 0x0000000088200000| Untracked 
|  43|0x0000000088300000, 0x0000000088300000, 0x0000000088400000|  0%| F|  |TAMS 0x0000000088300000, 0x0000000088300000| Untracked 
|  44|0x0000000088400000, 0x0000000088400000, 0x0000000088500000|  0%| F|  |TAMS 0x0000000088400000, 0x0000000088400000| Untracked 
|  45|0x0000000088500000, 0x0000000088500000, 0x0000000088600000|  0%| F|  |TAMS 0x0000000088500000, 0x0000000088500000| Untracked 
|  46|0x0000000088600000, 0x0000000088600000, 0x0000000088700000|  0%| F|  |TAMS 0x0000000088600000, 0x0000000088600000| Untracked 
|  47|0x0000000088700000, 0x0000000088700000, 0x0000000088800000|  0%| F|  |TAMS 0x0000000088700000, 0x0000000088700000| Untracked 
|  48|0x0000000088800000, 0x0000000088800000, 0x0000000088900000|  0%| F|  |TAMS 0x0000000088800000, 0x0000000088800000| Untracked 
|  49|0x0000000088900000, 0x0000000088900000, 0x0000000088a00000|  0%| F|  |TAMS 0x0000000088900000, 0x0000000088900000| Untracked 
|  50|0x0000000088a00000, 0x0000000088a00000, 0x0000000088b00000|  0%| F|  |TAMS 0x0000000088a00000, 0x0000000088a00000| Untracked 
|  51|0x0000000088b00000, 0x0000000088b00000, 0x0000000088c00000|  0%| F|  |TAMS 0x0000000088b00000, 0x0000000088b00000| Untracked 
|  52|0x0000000088c00000, 0x0000000088c00000, 0x0000000088d00000|  0%| F|  |TAMS 0x0000000088c00000, 0x0000000088c00000| Untracked 
|  53|0x0000000088d00000, 0x0000000088d00000, 0x0000000088e00000|  0%| F|  |TAMS 0x0000000088d00000, 0x0000000088d00000| Untracked 
|  54|0x0000000088e00000, 0x0000000088e00000, 0x0000000088f00000|  0%| F|  |TAMS 0x0000000088e00000, 0x0000000088e00000| Untracked 
|  55|0x0000000088f00000, 0x0000000088f00000, 0x0000000089000000|  0%| F|  |TAMS 0x0000000088f00000, 0x0000000088f00000| Untracked 
|  56|0x0000000089000000, 0x0000000089000000, 0x0000000089100000|  0%| F|  |TAMS 0x0000000089000000, 0x0000000089000000| Untracked 
|  57|0x0000000089100000, 0x0000000089100000, 0x0000000089200000|  0%| F|  |TAMS 0x0000000089100000, 0x0000000089100000| Untracked 
|  58|0x0000000089200000, 0x0000000089200000, 0x0000000089300000|  0%| F|  |TAMS 0x0000000089200000, 0x0000000089200000| Untracked 
|  59|0x0000000089300000, 0x0000000089300000, 0x0000000089400000|  0%| F|  |TAMS 0x0000000089300000, 0x0000000089300000| Untracked 
|  60|0x0000000089400000, 0x0000000089400000, 0x0000000089500000|  0%| F|  |TAMS 0x0000000089400000, 0x0000000089400000| Untracked 
|  61|0x0000000089500000, 0x0000000089500000, 0x0000000089600000|  0%| F|  |TAMS 0x0000000089500000, 0x0000000089500000| Untracked 
|  62|0x0000000089600000, 0x0000000089600000, 0x0000000089700000|  0%| F|  |TAMS 0x0000000089600000, 0x0000000089600000| Untracked 
|  63|0x0000000089700000, 0x0000000089700000, 0x0000000089800000|  0%| F|  |TAMS 0x0000000089700000, 0x0000000089700000| Untracked 
|  64|0x0000000089800000, 0x0000000089800000, 0x0000000089900000|  0%| F|  |TAMS 0x0000000089800000, 0x0000000089800000| Untracked 
|  65|0x0000000089900000, 0x0000000089900000, 0x0000000089a00000|  0%| F|  |TAMS 0x0000000089900000, 0x0000000089900000| Untracked 
|  66|0x0000000089a00000, 0x0000000089a00000, 0x0000000089b00000|  0%| F|  |TAMS 0x0000000089a00000, 0x0000000089a00000| Untracked 
|  67|0x0000000089b00000, 0x0000000089b00000, 0x0000000089c00000|  0%| F|  |TAMS 0x0000000089b00000, 0x0000000089b00000| Untracked 
|  68|0x0000000089c00000, 0x0000000089c00000, 0x0000000089d00000|  0%| F|  |TAMS 0x0000000089c00000, 0x0000000089c00000| Untracked 
|  69|0x0000000089d00000, 0x0000000089d00000, 0x0000000089e00000|  0%| F|  |TAMS 0x0000000089d00000, 0x0000000089d00000| Untracked 
|  70|0x0000000089e00000, 0x0000000089e00000, 0x0000000089f00000|  0%| F|  |TAMS 0x0000000089e00000, 0x0000000089e00000| Untracked 
|  71|0x0000000089f00000, 0x0000000089f00000, 0x000000008a000000|  0%| F|  |TAMS 0x0000000089f00000, 0x0000000089f00000| Untracked 
|  72|0x000000008a000000, 0x000000008a000000, 0x000000008a100000|  0%| F|  |TAMS 0x000000008a000000, 0x000000008a000000| Untracked 
|  73|0x000000008a100000, 0x000000008a100000, 0x000000008a200000|  0%| F|  |TAMS 0x000000008a100000, 0x000000008a100000| Untracked 
|  74|0x000000008a200000, 0x000000008a200000, 0x000000008a300000|  0%| F|  |TAMS 0x000000008a200000, 0x000000008a200000| Untracked 
|  75|0x000000008a300000, 0x000000008a300000, 0x000000008a400000|  0%| F|  |TAMS 0x000000008a300000, 0x000000008a300000| Untracked 
|  76|0x000000008a400000, 0x000000008a400000, 0x000000008a500000|  0%| F|  |TAMS 0x000000008a400000, 0x000000008a400000| Untracked 
|  77|0x000000008a500000, 0x000000008a54ab08, 0x000000008a600000| 29%| S|CS|TAMS 0x000000008a500000, 0x000000008a500000| Complete 
|  78|0x000000008a600000, 0x000000008a700000, 0x000000008a700000|100%| S|CS|TAMS 0x000000008a600000, 0x000000008a600000| Complete 
|  79|0x000000008a700000, 0x000000008a800000, 0x000000008a800000|100%| S|CS|TAMS 0x000000008a700000, 0x000000008a700000| Complete 
|  80|0x000000008a800000, 0x000000008a900000, 0x000000008a900000|100%| S|CS|TAMS 0x000000008a800000, 0x000000008a800000| Complete 
|  81|0x000000008a900000, 0x000000008aa00000, 0x000000008aa00000|100%| S|CS|TAMS 0x000000008a900000, 0x000000008a900000| Complete 
|  82|0x000000008aa00000, 0x000000008ab00000, 0x000000008ab00000|100%| S|CS|TAMS 0x000000008aa00000, 0x000000008aa00000| Complete 
|  83|0x000000008ab00000, 0x000000008ab00000, 0x000000008ac00000|  0%| F|  |TAMS 0x000000008ab00000, 0x000000008ab00000| Untracked 
|  84|0x000000008ac00000, 0x000000008ac00000, 0x000000008ad00000|  0%| F|  |TAMS 0x000000008ac00000, 0x000000008ac00000| Untracked 
|  85|0x000000008ad00000, 0x000000008ad00000, 0x000000008ae00000|  0%| F|  |TAMS 0x000000008ad00000, 0x000000008ad00000| Untracked 
|  86|0x000000008ae00000, 0x000000008ae00000, 0x000000008af00000|  0%| F|  |TAMS 0x000000008ae00000, 0x000000008ae00000| Untracked 
|  87|0x000000008af00000, 0x000000008af00000, 0x000000008b000000|  0%| F|  |TAMS 0x000000008af00000, 0x000000008af00000| Untracked 
|  88|0x000000008b000000, 0x000000008b000000, 0x000000008b100000|  0%| F|  |TAMS 0x000000008b000000, 0x000000008b000000| Untracked 
|  89|0x000000008b100000, 0x000000008b100000, 0x000000008b200000|  0%| F|  |TAMS 0x000000008b100000, 0x000000008b100000| Untracked 
|  90|0x000000008b200000, 0x000000008b200000, 0x000000008b300000|  0%| F|  |TAMS 0x000000008b200000, 0x000000008b200000| Untracked 
|  91|0x000000008b300000, 0x000000008b300000, 0x000000008b400000|  0%| F|  |TAMS 0x000000008b300000, 0x000000008b300000| Untracked 
|  92|0x000000008b400000, 0x000000008b400000, 0x000000008b500000|  0%| F|  |TAMS 0x000000008b400000, 0x000000008b400000| Untracked 
|  93|0x000000008b500000, 0x000000008b500000, 0x000000008b600000|  0%| F|  |TAMS 0x000000008b500000, 0x000000008b500000| Untracked 
|  94|0x000000008b600000, 0x000000008b600000, 0x000000008b700000|  0%| F|  |TAMS 0x000000008b600000, 0x000000008b600000| Untracked 
|  95|0x000000008b700000, 0x000000008b700000, 0x000000008b800000|  0%| F|  |TAMS 0x000000008b700000, 0x000000008b700000| Untracked 
|  96|0x000000008b800000, 0x000000008b800000, 0x000000008b900000|  0%| F|  |TAMS 0x000000008b800000, 0x000000008b800000| Untracked 
|  97|0x000000008b900000, 0x000000008b900000, 0x000000008ba00000|  0%| F|  |TAMS 0x000000008b900000, 0x000000008b900000| Untracked 
|  98|0x000000008ba00000, 0x000000008ba00000, 0x000000008bb00000|  0%| F|  |TAMS 0x000000008ba00000, 0x000000008ba00000| Untracked 
|  99|0x000000008bb00000, 0x000000008bb00000, 0x000000008bc00000|  0%| F|  |TAMS 0x000000008bb00000, 0x000000008bb00000| Untracked 
| 100|0x000000008bc00000, 0x000000008bc00000, 0x000000008bd00000|  0%| F|  |TAMS 0x000000008bc00000, 0x000000008bc00000| Untracked 
| 101|0x000000008bd00000, 0x000000008bd00000, 0x000000008be00000|  0%| F|  |TAMS 0x000000008bd00000, 0x000000008bd00000| Untracked 
| 102|0x000000008be00000, 0x000000008be00000, 0x000000008bf00000|  0%| F|  |TAMS 0x000000008be00000, 0x000000008be00000| Untracked 
| 103|0x000000008bf00000, 0x000000008bf00000, 0x000000008c000000|  0%| F|  |TAMS 0x000000008bf00000, 0x000000008bf00000| Untracked 
| 104|0x000000008c000000, 0x000000008c000000, 0x000000008c100000|  0%| F|  |TAMS 0x000000008c000000, 0x000000008c000000| Untracked 
| 105|0x000000008c100000, 0x000000008c100000, 0x000000008c200000|  0%| F|  |TAMS 0x000000008c100000, 0x000000008c100000| Untracked 
| 106|0x000000008c200000, 0x000000008c200000, 0x000000008c300000|  0%| F|  |TAMS 0x000000008c200000, 0x000000008c200000| Untracked 
| 107|0x000000008c300000, 0x000000008c300000, 0x000000008c400000|  0%| F|  |TAMS 0x000000008c300000, 0x000000008c300000| Untracked 
| 108|0x000000008c400000, 0x000000008c400000, 0x000000008c500000|  0%| F|  |TAMS 0x000000008c400000, 0x000000008c400000| Untracked 
| 109|0x000000008c500000, 0x000000008c500000, 0x000000008c600000|  0%| F|  |TAMS 0x000000008c500000, 0x000000008c500000| Untracked 
| 110|0x000000008c600000, 0x000000008c600000, 0x000000008c700000|  0%| F|  |TAMS 0x000000008c600000, 0x000000008c600000| Untracked 
| 111|0x000000008c700000, 0x000000008c700000, 0x000000008c800000|  0%| F|  |TAMS 0x000000008c700000, 0x000000008c700000| Untracked 
| 112|0x000000008c800000, 0x000000008c800000, 0x000000008c900000|  0%| F|  |TAMS 0x000000008c800000, 0x000000008c800000| Untracked 
| 113|0x000000008c900000, 0x000000008c900000, 0x000000008ca00000|  0%| F|  |TAMS 0x000000008c900000, 0x000000008c900000| Untracked 
| 114|0x000000008ca00000, 0x000000008ca00000, 0x000000008cb00000|  0%| F|  |TAMS 0x000000008ca00000, 0x000000008ca00000| Untracked 
| 115|0x000000008cb00000, 0x000000008cb00000, 0x000000008cc00000|  0%| F|  |TAMS 0x000000008cb00000, 0x000000008cb00000| Untracked 
| 116|0x000000008cc00000, 0x000000008cc00000, 0x000000008cd00000|  0%| F|  |TAMS 0x000000008cc00000, 0x000000008cc00000| Untracked 
| 117|0x000000008cd00000, 0x000000008cd00000, 0x000000008ce00000|  0%| F|  |TAMS 0x000000008cd00000, 0x000000008cd00000| Untracked 
| 118|0x000000008ce00000, 0x000000008ce00000, 0x000000008cf00000|  0%| F|  |TAMS 0x000000008ce00000, 0x000000008ce00000| Untracked 
| 119|0x000000008cf00000, 0x000000008cf00000, 0x000000008d000000|  0%| F|  |TAMS 0x000000008cf00000, 0x000000008cf00000| Untracked 
| 120|0x000000008d000000, 0x000000008d000000, 0x000000008d100000|  0%| F|  |TAMS 0x000000008d000000, 0x000000008d000000| Untracked 
| 121|0x000000008d100000, 0x000000008d100000, 0x000000008d200000|  0%| F|  |TAMS 0x000000008d100000, 0x000000008d100000| Untracked 
| 122|0x000000008d200000, 0x000000008d200000, 0x000000008d300000|  0%| F|  |TAMS 0x000000008d200000, 0x000000008d200000| Untracked 
| 123|0x000000008d300000, 0x000000008d300000, 0x000000008d400000|  0%| F|  |TAMS 0x000000008d300000, 0x000000008d300000| Untracked 
| 124|0x000000008d400000, 0x000000008d400000, 0x000000008d500000|  0%| F|  |TAMS 0x000000008d400000, 0x000000008d400000| Untracked 
| 125|0x000000008d500000, 0x000000008d500000, 0x000000008d600000|  0%| F|  |TAMS 0x000000008d500000, 0x000000008d500000| Untracked 
| 126|0x000000008d600000, 0x000000008d600000, 0x000000008d700000|  0%| F|  |TAMS 0x000000008d600000, 0x000000008d600000| Untracked 
| 127|0x000000008d700000, 0x000000008d700000, 0x000000008d800000|  0%| F|  |TAMS 0x000000008d700000, 0x000000008d700000| Untracked 
| 128|0x000000008d800000, 0x000000008d800000, 0x000000008d900000|  0%| F|  |TAMS 0x000000008d800000, 0x000000008d800000| Untracked 
| 129|0x000000008d900000, 0x000000008d900000, 0x000000008da00000|  0%| F|  |TAMS 0x000000008d900000, 0x000000008d900000| Untracked 
| 130|0x000000008da00000, 0x000000008da00000, 0x000000008db00000|  0%| F|  |TAMS 0x000000008da00000, 0x000000008da00000| Untracked 
| 131|0x000000008db00000, 0x000000008db00000, 0x000000008dc00000|  0%| F|  |TAMS 0x000000008db00000, 0x000000008db00000| Untracked 
| 132|0x000000008dc00000, 0x000000008dc00000, 0x000000008dd00000|  0%| F|  |TAMS 0x000000008dc00000, 0x000000008dc00000| Untracked 
| 133|0x000000008dd00000, 0x000000008dd00000, 0x000000008de00000|  0%| F|  |TAMS 0x000000008dd00000, 0x000000008dd00000| Untracked 
| 134|0x000000008de00000, 0x000000008de00000, 0x000000008df00000|  0%| F|  |TAMS 0x000000008de00000, 0x000000008de00000| Untracked 
| 135|0x000000008df00000, 0x000000008df00000, 0x000000008e000000|  0%| F|  |TAMS 0x000000008df00000, 0x000000008df00000| Untracked 
| 136|0x000000008e000000, 0x000000008e000000, 0x000000008e100000|  0%| F|  |TAMS 0x000000008e000000, 0x000000008e000000| Untracked 
| 137|0x000000008e100000, 0x000000008e100000, 0x000000008e200000|  0%| F|  |TAMS 0x000000008e100000, 0x000000008e100000| Untracked 
| 138|0x000000008e200000, 0x000000008e200000, 0x000000008e300000|  0%| F|  |TAMS 0x000000008e200000, 0x000000008e200000| Untracked 
| 139|0x000000008e300000, 0x000000008e300000, 0x000000008e400000|  0%| F|  |TAMS 0x000000008e300000, 0x000000008e300000| Untracked 
| 140|0x000000008e400000, 0x000000008e400000, 0x000000008e500000|  0%| F|  |TAMS 0x000000008e400000, 0x000000008e400000| Untracked 
| 141|0x000000008e500000, 0x000000008e500000, 0x000000008e600000|  0%| F|  |TAMS 0x000000008e500000, 0x000000008e500000| Untracked 
| 142|0x000000008e600000, 0x000000008e600000, 0x000000008e700000|  0%| F|  |TAMS 0x000000008e600000, 0x000000008e600000| Untracked 
| 143|0x000000008e700000, 0x000000008e800000, 0x000000008e800000|100%| E|  |TAMS 0x000000008e700000, 0x000000008e700000| Complete 
| 144|0x000000008e800000, 0x000000008e900000, 0x000000008e900000|100%| E|CS|TAMS 0x000000008e800000, 0x000000008e800000| Complete 
| 145|0x000000008e900000, 0x000000008ea00000, 0x000000008ea00000|100%| E|CS|TAMS 0x000000008e900000, 0x000000008e900000| Complete 
| 146|0x000000008ea00000, 0x000000008eb00000, 0x000000008eb00000|100%| E|CS|TAMS 0x000000008ea00000, 0x000000008ea00000| Complete 
| 147|0x000000008eb00000, 0x000000008ec00000, 0x000000008ec00000|100%| E|CS|TAMS 0x000000008eb00000, 0x000000008eb00000| Complete 
| 148|0x000000008ec00000, 0x000000008ed00000, 0x000000008ed00000|100%| E|CS|TAMS 0x000000008ec00000, 0x000000008ec00000| Complete 

Card table byte_map: [0x00000229a0450000,0x00000229a0830000] _byte_map_base: 0x00000229a0024000

Marking Bits (Prev, Next): (CMBitMap*) 0x000002298d580398, (CMBitMap*) 0x000002298d5803d0
 Prev Bits: [0x00000229a0c10000, 0x00000229a2ab0000)
 Next Bits: [0x00000229a2ab0000, 0x00000229a4950000)

Polling page: 0x000002298b470000

Metaspace:

Usage:
  Non-class:     39.34 MB capacity,    39.07 MB (>99%) used,   218.38 KB ( <1%) free+waste,    64.94 KB ( <1%) overhead. 
      Class:      5.34 MB capacity,     5.15 MB ( 96%) used,   165.38 KB (  3%) free+waste,    28.38 KB ( <1%) overhead. 
       Both:     44.68 MB capacity,    44.22 MB ( 99%) used,   383.76 KB ( <1%) free+waste,    93.31 KB ( <1%) overhead. 

Virtual space:
  Non-class space:       40.00 MB reserved,      39.50 MB ( 99%) committed 
      Class space:        1.00 GB reserved,       5.38 MB ( <1%) committed 
             Both:        1.04 GB reserved,      44.88 MB (  4%) committed 

Chunk freelists:
   Non-Class:  97.00 KB
       Class:  4.00 KB
        Both:  101.00 KB

MaxMetaspaceSize: 17179869184.00 GB
CompressedClassSpaceSize: 1.00 GB
Initial GC threshold: 20.80 MB
Current GC threshold: 58.75 MB
CDS: off

CodeHeap 'non-profiled nmethods': size=120064Kb used=1194Kb max_used=1194Kb free=118869Kb
 bounds [0x0000022998b30000, 0x0000022998da0000, 0x00000229a0070000]
CodeHeap 'profiled nmethods': size=120000Kb used=6871Kb max_used=6871Kb free=113128Kb
 bounds [0x0000022991600000, 0x0000022991cc0000, 0x0000022998b30000]
CodeHeap 'non-nmethods': size=5696Kb used=1262Kb max_used=1286Kb free=4433Kb
 bounds [0x0000022991070000, 0x00000229912e0000, 0x0000022991600000]
 total_blobs=3783 nmethods=3231 adapters=464
 compilation: enabled
              stopped_count=0, restarted_count=0
 full_count=0

Compilation events (20 events):
Event: 5.086 Thread 0x00000229a6e5b800 3244       2       org.jetbrains.kotlin.com.intellij.psi.impl.source.tree.SharedImplUtil::getNextSibling (18 bytes)
Event: 5.086 Thread 0x00000229a6e5b800 nmethod 3244 0x0000022991cb3510 code [0x0000022991cb36e0, 0x0000022991cb3878]
Event: 5.086 Thread 0x00000229a6e5b800 3243       1       org.jetbrains.kotlin.com.intellij.openapi.vfs.local.CoreLocalVirtualFile::isValid (2 bytes)
Event: 5.086 Thread 0x00000229a6e5b800 nmethod 3243 0x0000022998c5a310 code [0x0000022998c5a4c0, 0x0000022998c5a578]
Event: 5.086 Thread 0x00000229a6e5b800 3245       2       org.jetbrains.kotlin.com.intellij.psi.impl.source.tree.CompositeElement::findChildByType (55 bytes)
Event: 5.087 Thread 0x00000229a6e5b800 nmethod 3245 0x0000022991cb3990 code [0x0000022991cb3b80, 0x0000022991cb3e38]
Event: 5.087 Thread 0x00000229a6e5b800 3246       2       org.jetbrains.kotlin.com.intellij.psi.impl.PsiManagerImpl::getProject (13 bytes)
Event: 5.087 Thread 0x00000229a6e5b800 nmethod 3246 0x0000022991cb4010 code [0x0000022991cb41c0, 0x0000022991cb42e8]
Event: 5.087 Thread 0x00000229a6e5b800 3247       1       java.util.concurrent.atomic.AtomicReference::get (5 bytes)
Event: 5.087 Thread 0x00000229a6e5b800 nmethod 3247 0x0000022998c5a610 code [0x0000022998c5a7c0, 0x0000022998c5a878]
Event: 5.087 Thread 0x00000229a6e5b800 3248       2       java.lang.Character::hashCode (8 bytes)
Event: 5.087 Thread 0x00000229a6e5b800 nmethod 3248 0x0000022991cb4390 code [0x0000022991cb4540, 0x0000022991cb4638]
Event: 5.087 Thread 0x00000229a6e5b800 3249       2       java.lang.Character::hashCode (2 bytes)
Event: 5.087 Thread 0x00000229a6e5b800 nmethod 3249 0x0000022991cb4710 code [0x0000022991cb48c0, 0x0000022991cb4998]
Event: 5.088 Thread 0x00000229a6e5b800 3250       2       org.jetbrains.kotlin.com.intellij.psi.AbstractFileViewProvider::getVirtualFile (14 bytes)
Event: 5.088 Thread 0x00000229a6e5b800 nmethod 3250 0x0000022991cb4a10 code [0x0000022991cb4bc0, 0x0000022991cb4ce8]
Event: 5.088 Thread 0x00000229a6e5b800 3251       2       java.lang.StringLatin1::compareToCI (108 bytes)
Event: 5.088 Thread 0x00000229a6e5b800 nmethod 3251 0x0000022991cb4d90 code [0x0000022991cb4fa0, 0x0000022991cb52f8]
Event: 5.099 Thread 0x00000229a6e5b800 3252       2       kotlin.reflect.jvm.internal.pcollections.IntTree::plus (111 bytes)
Event: 5.099 Thread 0x00000229a6e5b800 nmethod 3252 0x0000022991cb5590 code [0x0000022991cb57a0, 0x0000022991cb5b78]

GC Heap History (10 events):
Event: 0.818 GC heap before
{Heap before GC invocations=0 (full 0):
 garbage-first heap   total 126976K, used 18432K [0x0000000085800000, 0x0000000100000000)
  region size 1024K, 14 young (14336K), 0 survivors (0K)
 Metaspace       used 9484K, capacity 9615K, committed 9856K, reserved 1058816K
  class space    used 781K, capacity 820K, committed 896K, reserved 1048576K
}
Event: 0.822 GC heap after
{Heap after GC invocations=1 (full 0):
 garbage-first heap   total 126976K, used 6244K [0x0000000085800000, 0x0000000100000000)
  region size 1024K, 2 young (2048K), 2 survivors (2048K)
 Metaspace       used 9484K, capacity 9615K, committed 9856K, reserved 1058816K
  class space    used 781K, capacity 820K, committed 896K, reserved 1048576K
}
Event: 1.947 GC heap before
{Heap before GC invocations=1 (full 0):
 garbage-first heap   total 126976K, used 54372K [0x0000000085800000, 0x0000000100000000)
  region size 1024K, 50 young (51200K), 2 survivors (2048K)
 Metaspace       used 20973K, capacity 21185K, committed 21248K, reserved 1069056K
  class space    used 2215K, capacity 2302K, committed 2304K, reserved 1048576K
}
Event: 1.962 GC heap after
{Heap after GC invocations=2 (full 0):
 garbage-first heap   total 126976K, used 10453K [0x0000000085800000, 0x0000000100000000)
  region size 1024K, 7 young (7168K), 7 survivors (7168K)
 Metaspace       used 20973K, capacity 21185K, committed 21248K, reserved 1069056K
  class space    used 2215K, capacity 2302K, committed 2304K, reserved 1048576K
}
Event: 3.505 GC heap before
{Heap before GC invocations=3 (full 0):
 garbage-first heap   total 126976K, used 67797K [0x0000000085800000, 0x0000000100000000)
  region size 1024K, 57 young (58368K), 7 survivors (7168K)
 Metaspace       used 33031K, capacity 33508K, committed 33792K, reserved 1079296K
  class space    used 4088K, capacity 4273K, committed 4352K, reserved 1048576K
}
Event: 3.527 GC heap after
{Heap after GC invocations=4 (full 0):
 garbage-first heap   total 126976K, used 22713K [0x0000000085800000, 0x0000000100000000)
  region size 1024K, 8 young (8192K), 8 survivors (8192K)
 Metaspace       used 33031K, capacity 33508K, committed 33792K, reserved 1079296K
  class space    used 4088K, capacity 4273K, committed 4352K, reserved 1048576K
}
Event: 3.782 GC heap before
{Heap before GC invocations=4 (full 0):
 garbage-first heap   total 126976K, used 33977K [0x0000000085800000, 0x0000000100000000)
  region size 1024K, 20 young (20480K), 8 survivors (8192K)
 Metaspace       used 35331K, capacity 35727K, committed 35840K, reserved 1081344K
  class space    used 4327K, capacity 4501K, committed 4608K, reserved 1048576K
}
Event: 3.805 GC heap after
{Heap after GC invocations=5 (full 0):
 garbage-first heap   total 126976K, used 24955K [0x0000000085800000, 0x0000000100000000)
  region size 1024K, 2 young (2048K), 2 survivors (2048K)
 Metaspace       used 35331K, capacity 35727K, committed 35840K, reserved 1081344K
  class space    used 4327K, capacity 4501K, committed 4608K, reserved 1048576K
}
Event: 4.841 GC heap before
{Heap before GC invocations=6 (full 0):
 garbage-first heap   total 126976K, used 64891K [0x0000000085800000, 0x0000000100000000)
  region size 1024K, 41 young (41984K), 2 survivors (2048K)
 Metaspace       used 43292K, capacity 43708K, committed 44032K, reserved 1087488K
  class space    used 5090K, capacity 5281K, committed 5376K, reserved 1048576K
}
Event: 4.852 GC heap after
{Heap after GC invocations=7 (full 0):
 garbage-first heap   total 152576K, used 26277K [0x0000000085800000, 0x0000000100000000)
  region size 1024K, 6 young (6144K), 6 survivors (6144K)
 Metaspace       used 43292K, capacity 43708K, committed 44032K, reserved 1087488K
  class space    used 5090K, capacity 5281K, committed 5376K, reserved 1048576K
}

Deoptimization events (20 events):
Event: 4.734 Thread 0x000002298d541000 Uncommon trap: trap_request=0xffffff4d fr.pc=0x0000022998b56918 relative=0x0000000000000bf8
Event: 4.734 Thread 0x000002298d541000 Uncommon trap: reason=unstable_if action=reinterpret pc=0x0000022998b56918 method=java.lang.StringCoding.encodeUTF8(B[BZ)[B @ 2 c2
Event: 4.734 Thread 0x000002298d541000 DEOPT PACKING pc=0x0000022998b56918 sp=0x000000c97d9f5bd0
Event: 4.734 Thread 0x000002298d541000 DEOPT UNPACKING pc=0x00000229910ba1a9 sp=0x000000c97d9f59c0 mode 2
Event: 4.734 Thread 0x000002298d541000 Uncommon trap: trap_request=0xffffff4d fr.pc=0x0000022998bddf58 relative=0x00000000000005b8
Event: 4.734 Thread 0x000002298d541000 Uncommon trap: reason=unstable_if action=reinterpret pc=0x0000022998bddf58 method=sun.net.www.ParseUtil.firstEncodeIndex(Ljava/lang/String;)I @ 27 c2
Event: 4.734 Thread 0x000002298d541000 DEOPT PACKING pc=0x0000022998bddf58 sp=0x000000c97d9f5c60
Event: 4.734 Thread 0x000002298d541000 DEOPT UNPACKING pc=0x00000229910ba1a9 sp=0x000000c97d9f5b18 mode 2
Event: 4.735 Thread 0x000002298d541000 Uncommon trap: trap_request=0xffffff4d fr.pc=0x0000022998bfaab8 relative=0x0000000000000198
Event: 4.735 Thread 0x000002298d541000 Uncommon trap: reason=unstable_if action=reinterpret pc=0x0000022998bfaab8 method=java.lang.String.indexOf(II)I @ 4 c2
Event: 4.735 Thread 0x000002298d541000 DEOPT PACKING pc=0x0000022998bfaab8 sp=0x000000c97d9f5980
Event: 4.735 Thread 0x000002298d541000 DEOPT UNPACKING pc=0x00000229910ba1a9 sp=0x000000c97d9f5930 mode 2
Event: 4.735 Thread 0x000002298d541000 Uncommon trap: trap_request=0xffffff4d fr.pc=0x0000022998c006b0 relative=0x0000000000000190
Event: 4.735 Thread 0x000002298d541000 Uncommon trap: reason=unstable_if action=reinterpret pc=0x0000022998c006b0 method=java.lang.String.startsWith(Ljava/lang/String;I)Z @ 46 c2
Event: 4.735 Thread 0x000002298d541000 DEOPT PACKING pc=0x0000022998c006b0 sp=0x000000c97d9f5a80
Event: 4.735 Thread 0x000002298d541000 DEOPT UNPACKING pc=0x00000229910ba1a9 sp=0x000000c97d9f59e8 mode 2
Event: 4.735 Thread 0x000002298d541000 Uncommon trap: trap_request=0xffffff4d fr.pc=0x0000022998c4506c relative=0x000000000000060c
Event: 4.735 Thread 0x000002298d541000 Uncommon trap: reason=unstable_if action=reinterpret pc=0x0000022998c4506c method=java.lang.String.lastIndexOf(II)I @ 4 c2
Event: 4.735 Thread 0x000002298d541000 DEOPT PACKING pc=0x0000022998c4506c sp=0x000000c97d9f5af0
Event: 4.735 Thread 0x000002298d541000 DEOPT UNPACKING pc=0x00000229910ba1a9 sp=0x000000c97d9f59e0 mode 2

Classes redefined (0 events):
No events

Internal exceptions (20 events):
Event: 1.896 Thread 0x000002298d541000 Exception <a 'java/lang/NoSuchMethodError'{0x000000008a3010b8}: 'long java.lang.invoke.DirectMethodHandle$Holder.invokeStatic(java.lang.Object)'> (0x000000008a3010b8) thrown at [src/hotspot/share/interpreter/linkResolver.cpp, line 773]
Event: 1.896 Thread 0x000002298d541000 Exception <a 'java/lang/NoSuchMethodError'{0x000000008a303f10}: 'long java.lang.invoke.DirectMethodHandle$Holder.invokeStaticInit(java.lang.Object)'> (0x000000008a303f10) thrown at [src/hotspot/share/interpreter/linkResolver.cpp, line 773]
Event: 1.966 Thread 0x000002298d541000 Exception <a 'java/lang/NoSuchMethodError'{0x000000008d311460}: 'int java.lang.invoke.DirectMethodHandle$Holder.invokeSpecialIFC(java.lang.Object, java.lang.Object, int)'> (0x000000008d311460) thrown at [src/hotspot/share/interpreter/linkResolver.cpp, line 773]
Event: 2.056 Thread 0x000002298d541000 Exception <a 'java/lang/NoSuchMethodError'{0x000000008d025288}: 'int java.lang.invoke.DirectMethodHandle$Holder.invokeStaticInit(java.lang.Object, java.lang.Object, java.lang.Object)'> (0x000000008d025288) thrown at [src/hotspot/share/interpreter/linkResolver.cpp, line 773]
Event: 2.063 Thread 0x000002298d541000 Exception <a 'java/lang/NoSuchMethodError'{0x000000008d050b28}: 'int java.lang.invoke.DirectMethodHandle$Holder.invokeStaticInit(java.lang.Object, java.lang.Object)'> (0x000000008d050b28) thrown at [src/hotspot/share/interpreter/linkResolver.cpp, line 773]
Event: 2.135 Thread 0x000002298d541000 Exception <a 'java/lang/NoSuchMethodError'{0x000000008ce65a38}: 'void java.lang.invoke.DirectMethodHandle$Holder.invokeSpecial(java.lang.Object, java.lang.Object)'> (0x000000008ce65a38) thrown at [src/hotspot/share/interpreter/linkResolver.cpp, line 773]
Event: 2.453 Thread 0x000002298d541000 Exception <a 'java/lang/NoSuchMethodError'{0x000000008c51a4f8}: 'java.lang.Object java.lang.invoke.DirectMethodHandle$Holder.invokeStatic(java.lang.Object, java.lang.Object, java.lang.Object, java.lang.Object, java.lang.Object, java.lang.Object, java.lang.Object, java.lang.Object, java.lang.Object, java.lang.Object, java.lang.Object, java.lang.Object, java.lang.Object, java.lang.Object, java.lang.Object)'> (0x000000008c51a4f8) thrown at [src/hotspot/share/interpreter/linkResolver.cpp, line 773]
Event: 2.455 Thread 0x000002298d541000 Exception <a 'java/lang/NoSuchMethodError'{0x000000008c528500}: 'java.lang.Object java.lang.invoke.DirectMethodHandle$Holder.invokeStatic(java.lang.Object, java.lang.Object, java.lang.Object, java.lang.Object, java.lang.Object, java.lang.Object, java.lang.Object, java.lang.Object, java.lang.Object, java.lang.Object, java.lang.Object, java.lang.Object, java.lang.Object, java.lang.Object, java.lang.Object, java.lang.Object)'> (0x000000008c528500) thrown at [src/hotspot/share/interpreter/linkResolver.cpp, lin
Event: 2.456 Thread 0x000002298d541000 Exception <a 'java/lang/NoSuchMethodError'{0x000000008c536418}: 'java.lang.Object java.lang.invoke.DirectMethodHandle$Holder.invokeSpecial(java.lang.Object, java.lang.Object, int, int, java.lang.Object, java.lang.Object, java.lang.Object)'> (0x000000008c536418) thrown at [src/hotspot/share/interpreter/linkResolver.cpp, line 773]
Event: 2.457 Thread 0x000002298d541000 Exception <a 'java/lang/NoSuchMethodError'{0x000000008c539c50}: 'java.lang.Object java.lang.invoke.DelegatingMethodHandle$Holder.reinvoke_L(java.lang.Object, int, int, java.lang.Object, java.lang.Object, java.lang.Object)'> (0x000000008c539c50) thrown at [src/hotspot/share/interpreter/linkResolver.cpp, line 773]
Event: 2.458 Thread 0x000002298d541000 Exception <a 'java/lang/NoSuchMethodError'{0x000000008c53dfd8}: 'java.lang.Object java.lang.invoke.DirectMethodHandle$Holder.invokeStatic(java.lang.Object, java.lang.Object, java.lang.Object, java.lang.Object, int)'> (0x000000008c53dfd8) thrown at [src/hotspot/share/interpreter/linkResolver.cpp, line 773]
Event: 2.528 Thread 0x000002298d541000 Exception <a 'java/lang/NoSuchMethodError'{0x000000008c463088}: 'void java.lang.invoke.DirectMethodHandle$Holder.invokeStatic(java.lang.Object, java.lang.Object, java.lang.Object, java.lang.Object)'> (0x000000008c463088) thrown at [src/hotspot/share/interpreter/linkResolver.cpp, line 773]
Event: 2.692 Thread 0x000002298d541000 Exception <a 'java/lang/NoSuchMethodError'{0x000000008c0488b8}: 'void java.lang.invoke.DirectMethodHandle$Holder.invokeStaticInit(java.lang.Object, java.lang.Object)'> (0x000000008c0488b8) thrown at [src/hotspot/share/interpreter/linkResolver.cpp, line 773]
Event: 2.928 Thread 0x000002298d541000 Exception <a 'java/lang/NoSuchMethodError'{0x000000008bca9f50}: 'void java.lang.invoke.DirectMethodHandle$Holder.invokeVirtual(java.lang.Object, java.lang.Object)'> (0x000000008bca9f50) thrown at [src/hotspot/share/interpreter/linkResolver.cpp, line 773]
Event: 2.941 Thread 0x000002298d541000 Exception <a 'java/lang/NoSuchMethodError'{0x000000008bb3ddb0}: 'int java.lang.invoke.DirectMethodHandle$Holder.invokeVirtual(java.lang.Object, java.lang.Object)'> (0x000000008bb3ddb0) thrown at [src/hotspot/share/interpreter/linkResolver.cpp, line 773]
Event: 3.765 Thread 0x000002298d541000 Exception <a 'java/lang/NoSuchMethodError'{0x000000008c811608}: 'java.lang.Object java.lang.invoke.DirectMethodHandle$Holder.invokeVirtual(java.lang.Object, java.lang.Object, java.lang.Object)'> (0x000000008c811608) thrown at [src/hotspot/share/interpreter/linkResolver.cpp, line 773]
Event: 5.025 Thread 0x000002298d541000 Exception <a 'java/lang/NoSuchMethodError'{0x000000008eaa4100}: 'java.lang.Object java.lang.invoke.Invokers$Holder.linkToTargetMethod(java.lang.Object, int, java.lang.Object)'> (0x000000008eaa4100) thrown at [src/hotspot/share/interpreter/linkResolver.cpp, line 773]
Event: 5.073 Thread 0x000002298d541000 Exception <a 'java/lang/NoSuchMethodError'{0x000000008e866ad8}: 'java.lang.Object java.lang.invoke.DirectMethodHandle$Holder.invokeStatic(java.lang.Object, java.lang.Object, java.lang.Object, int)'> (0x000000008e866ad8) thrown at [src/hotspot/share/interpreter/linkResolver.cpp, line 773]
Event: 5.074 Thread 0x000002298d541000 Exception <a 'java/lang/NoSuchMethodError'{0x000000008e86a748}: 'java.lang.Object java.lang.invoke.DirectMethodHandle$Holder.invokeSpecial(java.lang.Object, java.lang.Object, java.lang.Object, java.lang.Object, int)'> (0x000000008e86a748) thrown at [src/hotspot/share/interpreter/linkResolver.cpp, line 773]
Event: 5.074 Thread 0x000002298d541000 Exception <a 'java/lang/NoSuchMethodError'{0x000000008e86da58}: 'java.lang.Object java.lang.invoke.Invokers$Holder.linkToTargetMethod(java.lang.Object, java.lang.Object, int, java.lang.Object)'> (0x000000008e86da58) thrown at [src/hotspot/share/interpreter/linkResolver.cpp, line 773]

Events (20 events):
Event: 5.097 loading class org/jetbrains/kotlin/resolve/lazy/FileScopeFactory$FilesScopesBuilder$lazyImportingScope$1
Event: 5.097 loading class org/jetbrains/kotlin/resolve/lazy/FileScopeFactory$FilesScopesBuilder$lazyImportingScope$1 done
Event: 5.098 loading class org/jetbrains/kotlin/resolve/scopes/ImportingScope$Empty
Event: 5.098 loading class org/jetbrains/kotlin/resolve/scopes/ImportingScope$Empty done
Event: 5.098 loading class org/jetbrains/kotlin/resolve/scopes/BaseImportingScope
Event: 5.098 loading class org/jetbrains/kotlin/resolve/scopes/BaseImportingScope done
Event: 5.098 loading class org/jetbrains/kotlin/resolve/scopes/BaseHierarchicalScope
Event: 5.098 loading class org/jetbrains/kotlin/resolve/scopes/BaseHierarchicalScope done
Event: 5.098 loading class org/jetbrains/kotlin/resolve/lazy/FileScopeFactory$FilesScopesBuilder$lazyImportingScope$1$parent$2
Event: 5.098 loading class org/jetbrains/kotlin/resolve/lazy/FileScopeFactory$FilesScopesBuilder$lazyImportingScope$1$parent$2 done
Event: 5.099 loading class org/jetbrains/kotlin/resolve/scopes/LexicalScope$Base
Event: 5.099 loading class org/jetbrains/kotlin/resolve/scopes/LexicalScope$Base done
Event: 5.100 loading class org/jetbrains/kotlin/resolve/lazy/FileScopeFactory$FilesScopesBuilder$importResolver$1
Event: 5.100 loading class org/jetbrains/kotlin/resolve/lazy/FileScopeFactory$FilesScopesBuilder$importResolver$1 done
Event: 5.101 loading class org/jetbrains/kotlin/resolve/bindingContextUtil/BindingContextUtilsKt
Event: 5.101 loading class org/jetbrains/kotlin/resolve/bindingContextUtil/BindingContextUtilsKt done
Event: 5.103 loading class org/jetbrains/kotlin/resolve/scopes/utils/ScopeUtilsKt
Event: 5.103 loading class org/jetbrains/kotlin/resolve/scopes/utils/ScopeUtilsKt done
Event: 5.104 loading class org/jetbrains/kotlin/resolve/scopes/LexicalScopeImpl
Event: 5.104 loading class org/jetbrains/kotlin/resolve/scopes/LexicalScopeImpl done


Dynamic libraries:
0x00007ff76e810000 - 0x00007ff76e81a000 	C:\Program Files\Android\Android Studio\jbr\bin\java.exe
0x00007ffe94fb0000 - 0x00007ffe951a8000 	C:\Windows\SYSTEM32\ntdll.dll
0x00007ffe93310000 - 0x00007ffe933cf000 	C:\Windows\System32\KERNEL32.DLL
0x00007ffe927a0000 - 0x00007ffe92a7a000 	C:\Windows\System32\KERNELBASE.dll
0x00007ffe92bf0000 - 0x00007ffe92cf0000 	C:\Windows\System32\ucrtbase.dll
0x00007ffe86f10000 - 0x00007ffe86f27000 	C:\Program Files\Android\Android Studio\jbr\bin\jli.dll
0x00007ffe93e50000 - 0x00007ffe93fed000 	C:\Windows\System32\USER32.dll
0x00007ffe92b90000 - 0x00007ffe92bb2000 	C:\Windows\System32\win32u.dll
0x00007ffe945f0000 - 0x00007ffe9461b000 	C:\Windows\System32\GDI32.dll
0x00007ffe92a80000 - 0x00007ffe92b90000 	C:\Windows\System32\gdi32full.dll
0x00007ffe92f00000 - 0x00007ffe92f9d000 	C:\Windows\System32\msvcp_win.dll
0x00007ffe83610000 - 0x00007ffe8362b000 	C:\Program Files\Android\Android Studio\jbr\bin\VCRUNTIME140.dll
0x00007ffe77f30000 - 0x00007ffe781ca000 	C:\Windows\WinSxS\amd64_microsoft.windows.common-controls_6595b64144ccf1df_6.0.19041.1110_none_60b5254171f9507e\COMCTL32.dll
0x00007ffe93970000 - 0x00007ffe93a0e000 	C:\Windows\System32\msvcrt.dll
0x00007ffe932e0000 - 0x00007ffe93310000 	C:\Windows\System32\IMM32.DLL
0x00007ffe83600000 - 0x00007ffe8360c000 	C:\Program Files\Android\Android Studio\jbr\bin\vcruntime140_1.dll
0x00007ffe83570000 - 0x00007ffe835fd000 	C:\Program Files\Android\Android Studio\jbr\bin\msvcp140.dll
0x00007ffe5e9a0000 - 0x00007ffe5f55c000 	C:\Program Files\Android\Android Studio\jbr\bin\server\jvm.dll
0x00007ffe94dd0000 - 0x00007ffe94e7e000 	C:\Windows\System32\ADVAPI32.dll
0x00007ffe94550000 - 0x00007ffe945ec000 	C:\Windows\System32\sechost.dll
0x00007ffe93d20000 - 0x00007ffe93e46000 	C:\Windows\System32\RPCRT4.dll
0x00007ffe930d0000 - 0x00007ffe930d8000 	C:\Windows\System32\PSAPI.DLL
0x00007ffe8a0e0000 - 0x00007ffe8a0e9000 	C:\Windows\SYSTEM32\WSOCK32.dll
0x00007ffe944e0000 - 0x00007ffe9454b000 	C:\Windows\System32\WS2_32.dll
0x00007ffe832f0000 - 0x00007ffe83317000 	C:\Windows\SYSTEM32\WINMM.dll
0x00007ffe8cfa0000 - 0x00007ffe8cfaa000 	C:\Windows\SYSTEM32\VERSION.dll
0x00007ffe905a0000 - 0x00007ffe905b2000 	C:\Windows\SYSTEM32\kernel.appcore.dll
0x00007ffe82f70000 - 0x00007ffe82f80000 	C:\Program Files\Android\Android Studio\jbr\bin\verify.dll
0x00007ffe81b20000 - 0x00007ffe81d04000 	C:\Windows\SYSTEM32\DBGHELP.DLL
0x00007ffe81ae0000 - 0x00007ffe81b14000 	C:\Windows\SYSTEM32\dbgcore.DLL
0x00007ffe926c0000 - 0x00007ffe92742000 	C:\Windows\System32\bcryptPrimitives.dll
0x00007ffe82f40000 - 0x00007ffe82f68000 	C:\Program Files\Android\Android Studio\jbr\bin\java.dll
0x00007ffe82f30000 - 0x00007ffe82f3a000 	C:\Program Files\Android\Android Studio\jbr\bin\jimage.dll
0x00007ffe82f10000 - 0x00007ffe82f28000 	C:\Program Files\Android\Android Studio\jbr\bin\zip.dll
0x00007ffe94680000 - 0x00007ffe94dc4000 	C:\Windows\System32\SHELL32.dll
0x00007ffe907a0000 - 0x00007ffe90f33000 	C:\Windows\SYSTEM32\windows.storage.dll
0x00007ffe934f0000 - 0x00007ffe93844000 	C:\Windows\System32\combase.dll
0x00007ffe92040000 - 0x00007ffe9206e000 	C:\Windows\SYSTEM32\Wldp.dll
0x00007ffe93020000 - 0x00007ffe930cd000 	C:\Windows\System32\SHCORE.dll
0x00007ffe93850000 - 0x00007ffe938a5000 	C:\Windows\System32\shlwapi.dll
0x00007ffe92600000 - 0x00007ffe9261f000 	C:\Windows\SYSTEM32\profapi.dll
0x00007ffe82ef0000 - 0x00007ffe82f09000 	C:\Program Files\Android\Android Studio\jbr\bin\net.dll
0x00007ffe8aa30000 - 0x00007ffe8ab3a000 	C:\Windows\SYSTEM32\WINHTTP.dll
0x00007ffe91da0000 - 0x00007ffe91e0a000 	C:\Windows\system32\mswsock.dll
0x00007ffe82ed0000 - 0x00007ffe82ee3000 	C:\Program Files\Android\Android Studio\jbr\bin\nio.dll

dbghelp: loaded successfully - version: 4.0.5 - missing functions: none
symbol engine: initialized successfully - sym options: 0x614 - pdb path: .;C:\Program Files\Android\Android Studio\jbr\bin;C:\Windows\SYSTEM32;C:\Windows\WinSxS\amd64_microsoft.windows.common-controls_6595b64144ccf1df_6.0.19041.1110_none_60b5254171f9507e;C:\Program Files\Android\Android Studio\jbr\bin\server

VM Arguments:
java_command: org.jetbrains.kotlin.cli.jvm.K2JVMCompiler @C:\Users\student\Desktop\MyPlaces\app\build\20230419_12698686667926109299.compiler.options
java_class_path (initial): C:\Users\student\.gradle\caches\modules-2\files-2.1\org.jetbrains.kotlin\kotlin-compiler-embeddable\1.8.0\eb9118d4bcceaa2a94b2ae2a33a4ddba7c9a947f\kotlin-compiler-embeddable-1.8.0.jar;C:\Users\student\.gradle\caches\modules-2\files-2.1\org.jetbrains.kotlin\kotlin-stdlib\1.8.0\1796921c7a3e2e2665a83e6c8d33399336cd39bc\kotlin-stdlib-1.8.0.jar;C:\Users\student\.gradle\caches\modules-2\files-2.1\org.jetbrains.kotlin\kotlin-script-runtime\1.8.0\b2f7e760d283cb339974851c222a4c1d48f2d3d\kotlin-script-runtime-1.8.0.jar;C:\Users\student\.gradle\caches\modules-2\files-2.1\org.jetbrains.kotlin\kotlin-reflect\1.6.10\1cbe9c92c12a94eea200d23c2bbaedaf3daf5132\kotlin-reflect-1.6.10.jar;C:\Users\student\.gradle\caches\modules-2\files-2.1\org.jetbrains.kotlin\kotlin-daemon-embeddable\1.8.0\d255216c551685dc3a7e852b53617f5f01aaaa5c\kotlin-daemon-embeddable-1.8.0.jar;C:\Users\student\.gradle\caches\modules-2\files-2.1\org.jetbrains.intellij.deps\trove4j\1.0.20200330\3afb14d5f9ceb459d724e907a21145e8ff394f02\trove4j-1.0.20200330.jar;C:\Users\student\.gradle\caches\modules-2\files-2.1\net.java.dev.jna\jna\5.6.0\330f2244e9030119ab3030fc3fededc86713d9cc\jna-5.6.0.jar;C:\Users\student\.gradle\caches\modules-2\files-2.1\org.jetbrains.kotlin\kotlin-stdlib-common\1.8.0\f7197e7cc76453ac59f8b0f8d5137cc600becd36\kotlin-stdlib-common-1.8.0.jar;C:\Users\student\.gradle\caches\modules-2\files-2.1\org.jetbrains\annotations\13.0\919f0dfe192fb4e063e7dacadee7f8bb9a2672a9\annotations-13.0.jar
Launcher Type: SUN_STANDARD

[Global flags]
     intx CICompilerCount                          = 3                                         {product} {ergonomic}
     uint ConcGCThreads                            = 1                                         {product} {ergonomic}
     uint G1ConcRefinementThreads                  = 4                                         {product} {ergonomic}
   size_t G1HeapRegionSize                         = 1048576                                   {product} {ergonomic}
    uintx GCDrainStackTargetSize                   = 64                                        {product} {ergonomic}
   size_t InitialHeapSize                          = 130023424                                 {product} {ergonomic}
   size_t MarkStackSize                            = 4194304                                   {product} {ergonomic}
   size_t MaxHeapSize                              = 2055208960                                {product} {ergonomic}
   size_t MaxNewSize                               = 1233125376                                {product} {ergonomic}
   size_t MinHeapDeltaBytes                        = 1048576                                   {product} {ergonomic}
    uintx NonNMethodCodeHeapSize                   = 5830732                                {pd product} {ergonomic}
    uintx NonProfiledCodeHeapSize                  = 122913754                              {pd product} {ergonomic}
    uintx ProfiledCodeHeapSize                     = 122913754                              {pd product} {ergonomic}
    uintx ReservedCodeCacheSize                    = 251658240                              {pd product} {ergonomic}
     bool SegmentedCodeCache                       = true                                      {product} {ergonomic}
     bool UseCompressedClassPointers               = true                                 {lp64_product} {ergonomic}
     bool UseCompressedOops                        = true                                 {lp64_product} {ergonomic}
     bool UseG1GC                                  = true                                      {product} {ergonomic}
     bool UseLargePagesIndividualAllocation        = false                                  {pd product} {ergonomic}

Logging:
Log output configuration:
 #0: stdout all=warning uptime,level,tags
 #1: stderr all=off uptime,level,tags

Environment Variables:
JAVA_HOME=C:\Program Files\Eclipse Adoptium\jre-8.0.322.6-hotspot\
PATH=C:\Program Files\Common Files\Oracle\Java\javapath;C:\Program Files\Eclipse Adoptium\jre-8.0.322.6-hotspot\bin;C:\Program Files (x86)\Eclipse Adoptium\jre-8.0.312.7-hotspot\bin;C:\Windows\system32;C:\Windows;C:\Windows\System32\Wbem;C:\Windows\System32\WindowsPowerShell\v1.0\;C:\Windows\System32\OpenSSH\;C:\Program Files\Microsoft VS Code\bin;C:\Program Files\dotnet\;C:\Program Files\Azure Data Studio\bin;C:\Program Files\Microsoft SQL Server\150\Tools\Binn\;C:\Program Files\Microsoft SQL Server\130\Tools\Binn\;C:\Program Files\Microsoft SQL Server\Client SDK\ODBC\170\Tools\Binn\;C:\Program Files\MATLAB\R2017a\runtime\win64;C:\Program Files\MATLAB\R2017a\bin;C:\Program Files\Git\cmd;C:\Users\student\AppData\Local\Programs\Python\Python310\Scripts\;C:\Users\student\AppData\Local\Programs\Python\Python310\;C:\Users\student\AppData\Local\Microsoft\WindowsApps;C:\Users\student\.dotnet\tools
USERNAME=student
OS=Windows_NT
PROCESSOR_IDENTIFIER=Intel64 Family 6 Model 165 Stepping 3, GenuineIntel



---------------  S Y S T E M  ---------------

OS: Windows 10 , 64 bit Build 19041 (10.0.19041.2788)
OS uptime: 5 days 23:49 hours

CPU:total 4 (initial active 4) (2 cores per cpu, 2 threads per core) family 6 model 165 stepping 3 microcode 0xcc, cmov, cx8, fxsr, mmx, sse, sse2, sse3, ssse3, sse4.1, sse4.2, popcnt, aes, clmul, erms, 3dnowpref, lzcnt, ht, tsc, tscinvbit

Memory: 4k page, system-wide physical 7837M (328M free)
TotalPageFile size 9476M (AvailPageFile size 6M)
current process WorkingSet (physical memory assigned to process): 231M, peak: 231M
current process commit charge ("private bytes"): 319M, peak: 321M

vm_info: OpenJDK 64-Bit Server VM (11.0.15+0-b2043.56-9505619) for windows-amd64 JRE (11.0.15+0-b2043.56-9505619), built on Jan 19 2023 02:48:00 by "builduser" with unknown MS VC++:1929

END.
